mode: set
github.com/datakeys/kyc-service/internal/audit/logger.go:75.83,79.56 3 0
github.com/datakeys/kyc-service/internal/audit/logger.go:79.56,81.3 1 0
github.com/datakeys/kyc-service/internal/audit/logger.go:83.2,84.54 2 0
github.com/datakeys/kyc-service/internal/audit/logger.go:87.63,90.2 2 0
github.com/datakeys/kyc-service/internal/audit/logger.go:92.37,95.2 2 1
github.com/datakeys/kyc-service/internal/audit/logger.go:97.66,98.19 1 1
github.com/datakeys/kyc-service/internal/audit/logger.go:98.19,101.3 2 1
github.com/datakeys/kyc-service/internal/audit/logger.go:103.2,109.27 5 0
github.com/datakeys/kyc-service/internal/audit/logger.go:109.27,111.3 1 0
github.com/datakeys/kyc-service/internal/audit/logger.go:113.2,123.16 2 0
github.com/datakeys/kyc-service/internal/audit/logger.go:123.16,129.3 1 0
github.com/datakeys/kyc-service/internal/audit/logger.go:132.71,133.12 1 1
github.com/datakeys/kyc-service/internal/audit/logger.go:133.12,137.3 3 1
github.com/datakeys/kyc-service/internal/audit/logger.go:138.2,138.9 1 1
github.com/datakeys/kyc-service/internal/audit/logger.go:141.109,152.16 2 0
github.com/datakeys/kyc-service/internal/audit/logger.go:152.16,154.3 1 0
github.com/datakeys/kyc-service/internal/audit/logger.go:155.2,158.18 3 0
github.com/datakeys/kyc-service/internal/audit/logger.go:158.18,166.17 3 0
github.com/datakeys/kyc-service/internal/audit/logger.go:166.17,168.4 1 0
github.com/datakeys/kyc-service/internal/audit/logger.go:169.3,169.20 1 0
github.com/datakeys/kyc-service/internal/audit/logger.go:169.20,171.4 1 0
github.com/datakeys/kyc-service/internal/audit/logger.go:172.3,172.31 1 0
github.com/datakeys/kyc-service/internal/audit/logger.go:174.2,174.28 1 0
github.com/datakeys/kyc-service/config/config.go:66.29,107.39 2 1
github.com/datakeys/kyc-service/config/config.go:107.39,109.3 1 1
github.com/datakeys/kyc-service/config/config.go:111.2,111.17 1 1
github.com/datakeys/kyc-service/config/config.go:114.34,115.53 1 1
github.com/datakeys/kyc-service/config/config.go:115.53,117.3 1 1
github.com/datakeys/kyc-service/config/config.go:119.2,119.29 1 1
github.com/datakeys/kyc-service/config/config.go:119.29,121.3 1 1
github.com/datakeys/kyc-service/config/config.go:123.2,123.34 1 1
github.com/datakeys/kyc-service/config/config.go:123.34,125.3 1 1
github.com/datakeys/kyc-service/config/config.go:127.2,127.58 1 1
github.com/datakeys/kyc-service/config/config.go:127.58,129.3 1 1
github.com/datakeys/kyc-service/config/config.go:131.2,134.44 2 1
github.com/datakeys/kyc-service/config/config.go:134.44,136.3 1 1
github.com/datakeys/kyc-service/config/config.go:138.2,138.37 1 1
github.com/datakeys/kyc-service/config/config.go:138.37,140.3 1 1
github.com/datakeys/kyc-service/config/config.go:142.2,142.12 1 1
github.com/datakeys/kyc-service/config/config.go:145.42,146.34 1 1
github.com/datakeys/kyc-service/config/config.go:146.34,148.3 1 1
github.com/datakeys/kyc-service/config/config.go:149.2,149.17 1 1
github.com/datakeys/kyc-service/config/config.go:152.46,154.13 2 1
github.com/datakeys/kyc-service/config/config.go:154.13,156.3 1 1
github.com/datakeys/kyc-service/config/config.go:157.2,158.16 2 1
github.com/datakeys/kyc-service/config/config.go:158.16,160.3 1 1
github.com/datakeys/kyc-service/config/config.go:161.2,161.10 1 1
github.com/datakeys/kyc-service/config/config.go:164.56,166.13 2 1
github.com/datakeys/kyc-service/config/config.go:166.13,168.3 1 1
github.com/datakeys/kyc-service/config/config.go:169.2,170.16 2 1
github.com/datakeys/kyc-service/config/config.go:170.16,172.3 1 1
github.com/datakeys/kyc-service/config/config.go:173.2,173.10 1 1
github.com/datakeys/kyc-service/config/config.go:176.49,178.13 2 1
github.com/datakeys/kyc-service/config/config.go:178.13,180.3 1 1
github.com/datakeys/kyc-service/config/config.go:181.2,182.16 2 1
github.com/datakeys/kyc-service/config/config.go:182.16,184.3 1 1
github.com/datakeys/kyc-service/config/config.go:185.2,185.10 1 1
github.com/datakeys/kyc-service/internal/job/cleanup.go:17.54,18.35 1 1
github.com/datakeys/kyc-service/internal/job/cleanup.go:18.35,20.3 1 1
github.com/datakeys/kyc-service/internal/job/cleanup.go:21.2,21.31 1 1
github.com/datakeys/kyc-service/internal/job/cleanup.go:21.31,23.3 1 1
github.com/datakeys/kyc-service/internal/job/cleanup.go:24.2,24.27 1 1
github.com/datakeys/kyc-service/internal/job/cleanup.go:24.27,26.3 1 1
github.com/datakeys/kyc-service/internal/job/cleanup.go:27.2,27.36 1 1
github.com/datakeys/kyc-service/internal/job/cleanup.go:30.50,30.51 0 1
github.com/datakeys/kyc-service/internal/job/cleanup.go:32.30,32.31 0 1
github.com/datakeys/kyc-service/internal/job/cleanup.go:34.32,34.33 0 1
github.com/datakeys/kyc-service/internal/handler/health.go:11.58,13.2 1 1
github.com/datakeys/kyc-service/internal/handler/health.go:15.53,20.2 1 1
github.com/datakeys/kyc-service/internal/handler/health.go:22.54,27.2 1 1
github.com/datakeys/kyc-service/internal/handler/kyc.go:32.15,40.2 1 1
github.com/datakeys/kyc-service/internal/handler/kyc.go:42.50,44.44 2 1
github.com/datakeys/kyc-service/internal/handler/kyc.go:44.44,46.3 1 0
github.com/datakeys/kyc-service/internal/handler/kyc.go:48.2,48.47 1 1
github.com/datakeys/kyc-service/internal/handler/kyc.go:48.47,50.3 1 0
github.com/datakeys/kyc-service/internal/handler/kyc.go:52.2,53.16 2 1
github.com/datakeys/kyc-service/internal/handler/kyc.go:53.16,56.3 2 1
github.com/datakeys/kyc-service/internal/handler/kyc.go:58.2,58.66 1 0
github.com/datakeys/kyc-service/internal/handler/kyc.go:61.51,63.54 2 1
github.com/datakeys/kyc-service/internal/handler/kyc.go:63.54,65.3 1 0
github.com/datakeys/kyc-service/internal/handler/kyc.go:67.2,68.16 2 1
github.com/datakeys/kyc-service/internal/handler/kyc.go:68.16,69.49 1 0
github.com/datakeys/kyc-service/internal/handler/kyc.go:69.49,71.4 1 0
github.com/datakeys/kyc-service/internal/handler/kyc.go:72.3,73.84 2 0
github.com/datakeys/kyc-service/internal/handler/kyc.go:76.2,76.40 1 1
github.com/datakeys/kyc-service/internal/handler/kyc.go:79.55,92.30 4 1
github.com/datakeys/kyc-service/internal/handler/kyc.go:92.30,102.3 1 1
github.com/datakeys/kyc-service/internal/handler/kyc.go:104.2,104.38 1 1
github.com/datakeys/kyc-service/internal/handler/kyc.go:107.54,110.9 3 1
github.com/datakeys/kyc-service/internal/handler/kyc.go:110.9,112.3 1 1
github.com/datakeys/kyc-service/internal/handler/kyc.go:114.2,114.50 1 0
github.com/datakeys/kyc-service/internal/handler/kyc.go:117.56,119.65 2 1
github.com/datakeys/kyc-service/internal/handler/kyc.go:119.65,121.3 1 1
github.com/datakeys/kyc-service/internal/handler/kyc.go:123.2,124.26 2 1
github.com/datakeys/kyc-service/internal/handler/kyc.go:124.26,126.3 1 1
github.com/datakeys/kyc-service/internal/handler/kyc.go:128.2,128.21 1 1
github.com/datakeys/kyc-service/internal/handler/kyc.go:128.21,130.52 2 1
github.com/datakeys/kyc-service/internal/handler/kyc.go:130.52,135.4 1 0
github.com/datakeys/kyc-service/internal/handler/kyc.go:138.2,138.73 1 1
github.com/datakeys/kyc-service/internal/handler/kyc.go:141.55,143.63 2 1
github.com/datakeys/kyc-service/internal/handler/kyc.go:143.63,145.3 1 1
github.com/datakeys/kyc-service/internal/handler/kyc.go:147.2,148.26 2 1
github.com/datakeys/kyc-service/internal/handler/kyc.go:148.26,150.3 1 1
github.com/datakeys/kyc-service/internal/handler/kyc.go:152.2,152.21 1 1
github.com/datakeys/kyc-service/internal/handler/kyc.go:152.21,154.52 2 1
github.com/datakeys/kyc-service/internal/handler/kyc.go:154.52,159.4 1 0
github.com/datakeys/kyc-service/internal/handler/kyc.go:162.2,162.73 1 1
github.com/datakeys/kyc-service/internal/handler/kyc.go:165.81,166.41 1 1
github.com/datakeys/kyc-service/internal/handler/kyc.go:166.41,168.3 1 1
github.com/datakeys/kyc-service/internal/handler/kyc.go:169.2,172.56 4 1
github.com/datakeys/kyc-service/internal/handler/kyc.go:175.77,176.39 1 1
github.com/datakeys/kyc-service/internal/handler/kyc.go:176.39,178.3 1 1
github.com/datakeys/kyc-service/internal/handler/kyc.go:179.2,182.53 4 1
github.com/datakeys/kyc-service/internal/handler/kyc.go:185.48,187.55 2 1
github.com/datakeys/kyc-service/internal/handler/kyc.go:187.55,189.3 1 0
github.com/datakeys/kyc-service/internal/handler/kyc.go:191.2,191.59 1 1
github.com/datakeys/kyc-service/internal/handler/kyc.go:191.59,193.3 1 1
github.com/datakeys/kyc-service/internal/handler/kyc.go:194.2,194.66 1 1
github.com/datakeys/kyc-service/internal/handler/kyc.go:194.66,196.3 1 1
github.com/datakeys/kyc-service/internal/handler/kyc.go:197.2,197.62 1 1
github.com/datakeys/kyc-service/internal/handler/kyc.go:197.62,198.45 1 0
github.com/datakeys/kyc-service/internal/handler/kyc.go:198.45,200.4 1 0
github.com/datakeys/kyc-service/internal/handler/kyc.go:201.3,201.52 1 0
github.com/datakeys/kyc-service/internal/handler/kyc.go:201.52,203.4 1 0
github.com/datakeys/kyc-service/internal/handler/kyc.go:205.2,205.11 1 1
github.com/datakeys/kyc-service/internal/handler/response.go:12.52,19.2 1 1
github.com/datakeys/kyc-service/internal/handler/response.go:21.47,29.2 2 1
github.com/datakeys/kyc-service/internal/countries/registry.go:34.41,487.30 3 1
github.com/datakeys/kyc-service/internal/countries/registry.go:487.30,489.3 1 1
github.com/datakeys/kyc-service/internal/countries/registry.go:490.2,490.10 1 1
github.com/datakeys/kyc-service/internal/countries/registry.go:493.47,495.9 2 1
github.com/datakeys/kyc-service/internal/countries/registry.go:495.9,497.3 1 1
github.com/datakeys/kyc-service/internal/countries/registry.go:498.2,498.17 1 1
github.com/datakeys/kyc-service/internal/countries/registry.go:501.45,503.9 2 1
github.com/datakeys/kyc-service/internal/countries/registry.go:503.9,505.3 1 1
github.com/datakeys/kyc-service/internal/countries/registry.go:506.2,506.19 1 1
github.com/datakeys/kyc-service/internal/countries/registry.go:509.55,511.9 2 1
github.com/datakeys/kyc-service/internal/countries/registry.go:511.9,513.3 1 1
github.com/datakeys/kyc-service/internal/countries/registry.go:514.2,515.32 2 1
github.com/datakeys/kyc-service/internal/countries/registry.go:515.32,516.42 1 1
github.com/datakeys/kyc-service/internal/countries/registry.go:516.42,518.4 1 1
github.com/datakeys/kyc-service/internal/countries/registry.go:520.2,520.14 1 1
github.com/datakeys/kyc-service/internal/countries/registry.go:523.66,524.18 1 1
github.com/datakeys/kyc-service/internal/countries/registry.go:524.18,526.3 1 0
github.com/datakeys/kyc-service/internal/countries/registry.go:528.2,529.9 2 1
github.com/datakeys/kyc-service/internal/countries/registry.go:529.9,531.3 1 0
github.com/datakeys/kyc-service/internal/countries/registry.go:533.2,534.32 2 1
github.com/datakeys/kyc-service/internal/countries/registry.go:534.32,535.42 1 1
github.com/datakeys/kyc-service/internal/countries/registry.go:535.42,536.12 1 1
github.com/datakeys/kyc-service/internal/countries/registry.go:538.3,538.23 1 1
github.com/datakeys/kyc-service/internal/countries/registry.go:538.23,540.4 1 1
github.com/datakeys/kyc-service/internal/countries/registry.go:541.3,542.31 2 1
github.com/datakeys/kyc-service/internal/countries/registry.go:544.2,544.14 1 0
github.com/datakeys/kyc-service/internal/countries/registry.go:547.48,549.9 2 1
github.com/datakeys/kyc-service/internal/countries/registry.go:549.9,551.3 1 1
github.com/datakeys/kyc-service/internal/countries/registry.go:552.2,552.22 1 1
github.com/datakeys/kyc-service/internal/countries/registry.go:555.32,557.29 2 1
github.com/datakeys/kyc-service/internal/countries/registry.go:557.29,559.3 1 1
github.com/datakeys/kyc-service/internal/countries/registry.go:560.2,560.15 1 1
github.com/datakeys/kyc-service/internal/countries/registry.go:563.44,566.29 3 1
github.com/datakeys/kyc-service/internal/countries/registry.go:566.29,567.25 1 1
github.com/datakeys/kyc-service/internal/countries/registry.go:567.25,569.4 1 1
github.com/datakeys/kyc-service/internal/countries/registry.go:571.2,571.15 1 1
github.com/datakeys/kyc-service/internal/countries/registry.go:575.40,584.2 1 1
github.com/datakeys/kyc-service/internal/metrics/prometheus.go:31.59,152.31 3 1
github.com/datakeys/kyc-service/internal/metrics/prometheus.go:152.31,153.41 1 1
github.com/datakeys/kyc-service/internal/metrics/prometheus.go:153.41,154.48 1 0
github.com/datakeys/kyc-service/internal/metrics/prometheus.go:157.2,157.10 1 1
github.com/datakeys/kyc-service/internal/metrics/prometheus.go:160.38,162.2 1 1
github.com/datakeys/kyc-service/internal/metrics/prometheus.go:164.40,167.29 3 1
github.com/datakeys/kyc-service/internal/metrics/prometheus.go:167.29,168.15 1 1
github.com/datakeys/kyc-service/internal/metrics/prometheus.go:168.15,169.18 1 1
github.com/datakeys/kyc-service/internal/metrics/prometheus.go:169.18,171.35 2 1
github.com/datakeys/kyc-service/internal/metrics/prometheus.go:171.35,173.6 1 0
github.com/datakeys/kyc-service/internal/metrics/prometheus.go:175.4,175.17 1 1
github.com/datakeys/kyc-service/internal/metrics/prometheus.go:178.2,178.16 1 1
github.com/datakeys/kyc-service/internal/metrics/prometheus.go:178.16,180.33 2 1
github.com/datakeys/kyc-service/internal/metrics/prometheus.go:180.33,182.4 1 1
github.com/datakeys/kyc-service/internal/metrics/prometheus.go:184.2,184.25 1 0
github.com/datakeys/kyc-service/internal/metrics/prometheus.go:187.56,188.33 1 1
github.com/datakeys/kyc-service/internal/metrics/prometheus.go:188.33,190.34 2 1
github.com/datakeys/kyc-service/internal/metrics/prometheus.go:190.34,192.4 1 0
github.com/datakeys/kyc-service/internal/metrics/prometheus.go:193.3,199.13 3 1
github.com/datakeys/kyc-service/config/config.go:66.29,107.39 2 1
github.com/datakeys/kyc-service/config/config.go:107.39,109.3 1 1
github.com/datakeys/kyc-service/config/config.go:111.2,111.17 1 1
github.com/datakeys/kyc-service/config/config.go:114.34,115.53 1 1
github.com/datakeys/kyc-service/config/config.go:115.53,117.3 1 1
github.com/datakeys/kyc-service/config/config.go:119.2,119.29 1 1
github.com/datakeys/kyc-service/config/config.go:119.29,121.3 1 1
github.com/datakeys/kyc-service/config/config.go:123.2,123.34 1 1
github.com/datakeys/kyc-service/config/config.go:123.34,125.3 1 1
github.com/datakeys/kyc-service/config/config.go:127.2,127.58 1 1
github.com/datakeys/kyc-service/config/config.go:127.58,129.3 1 1
github.com/datakeys/kyc-service/config/config.go:131.2,134.44 2 1
github.com/datakeys/kyc-service/config/config.go:134.44,136.3 1 1
github.com/datakeys/kyc-service/config/config.go:138.2,138.37 1 1
github.com/datakeys/kyc-service/config/config.go:138.37,140.3 1 1
github.com/datakeys/kyc-service/config/config.go:142.2,142.12 1 1
github.com/datakeys/kyc-service/config/config.go:145.42,146.34 1 1
github.com/datakeys/kyc-service/config/config.go:146.34,148.3 1 1
github.com/datakeys/kyc-service/config/config.go:149.2,149.17 1 1
github.com/datakeys/kyc-service/config/config.go:152.46,154.13 2 1
github.com/datakeys/kyc-service/config/config.go:154.13,156.3 1 1
github.com/datakeys/kyc-service/config/config.go:157.2,158.16 2 1
github.com/datakeys/kyc-service/config/config.go:158.16,160.3 1 1
github.com/datakeys/kyc-service/config/config.go:161.2,161.10 1 1
github.com/datakeys/kyc-service/config/config.go:164.56,166.13 2 1
github.com/datakeys/kyc-service/config/config.go:166.13,168.3 1 1
github.com/datakeys/kyc-service/config/config.go:169.2,170.16 2 1
github.com/datakeys/kyc-service/config/config.go:170.16,172.3 1 1
github.com/datakeys/kyc-service/config/config.go:173.2,173.10 1 1
github.com/datakeys/kyc-service/config/config.go:176.49,178.13 2 1
github.com/datakeys/kyc-service/config/config.go:178.13,180.3 1 1
github.com/datakeys/kyc-service/config/config.go:181.2,182.16 2 1
github.com/datakeys/kyc-service/config/config.go:182.16,184.3 1 1
github.com/datakeys/kyc-service/config/config.go:185.2,185.10 1 1
github.com/datakeys/kyc-service/internal/provider/local.go:16.40,18.2 1 1
github.com/datakeys/kyc-service/internal/provider/local.go:20.63,22.2 1 1
github.com/datakeys/kyc-service/internal/provider/local.go:24.39,26.2 1 1
github.com/datakeys/kyc-service/internal/provider/local.go:28.55,30.2 1 1
github.com/datakeys/kyc-service/internal/provider/local.go:32.117,35.15 2 1
github.com/datakeys/kyc-service/internal/provider/local.go:35.15,43.3 1 1
github.com/datakeys/kyc-service/internal/provider/local.go:45.2,45.102 1 1
github.com/datakeys/kyc-service/internal/provider/local.go:45.102,52.3 1 1
github.com/datakeys/kyc-service/internal/provider/local.go:54.2,60.8 1 1
github.com/datakeys/kyc-service/internal/provider/local.go:64.70,66.43 2 1
github.com/datakeys/kyc-service/internal/provider/local.go:66.43,67.16 1 1
github.com/datakeys/kyc-service/internal/provider/local.go:67.16,69.4 1 1
github.com/datakeys/kyc-service/internal/provider/local.go:71.2,71.14 1 1
github.com/datakeys/kyc-service/internal/provider/smileid.go:24.68,31.2 1 1
github.com/datakeys/kyc-service/internal/provider/smileid.go:33.41,35.2 1 1
github.com/datakeys/kyc-service/internal/provider/smileid.go:37.57,42.2 1 1
github.com/datakeys/kyc-service/internal/provider/smileid.go:44.44,45.25 1 1
github.com/datakeys/kyc-service/internal/provider/smileid.go:45.25,47.3 1 1
github.com/datakeys/kyc-service/internal/provider/smileid.go:48.2,48.19 1 0
github.com/datakeys/kyc-service/internal/provider/smileid.go:48.19,50.3 1 0
github.com/datakeys/kyc-service/internal/provider/smileid.go:51.2,51.44 1 0
github.com/datakeys/kyc-service/internal/provider/smileid.go:54.119,56.55 2 1
github.com/datakeys/kyc-service/internal/provider/smileid.go:56.55,58.3 1 1
github.com/datakeys/kyc-service/internal/provider/smileid.go:60.2,73.16 3 1
github.com/datakeys/kyc-service/internal/provider/smileid.go:73.16,75.3 1 0
github.com/datakeys/kyc-service/internal/provider/smileid.go:77.2,78.16 2 1
github.com/datakeys/kyc-service/internal/provider/smileid.go:78.16,80.3 1 0
github.com/datakeys/kyc-service/internal/provider/smileid.go:81.2,85.16 4 1
github.com/datakeys/kyc-service/internal/provider/smileid.go:85.16,87.3 1 1
github.com/datakeys/kyc-service/internal/provider/smileid.go:88.2,91.16 3 1
github.com/datakeys/kyc-service/internal/provider/smileid.go:91.16,93.3 1 0
github.com/datakeys/kyc-service/internal/provider/smileid.go:95.2,95.28 1 1
github.com/datakeys/kyc-service/internal/provider/smileid.go:95.28,97.3 1 1
github.com/datakeys/kyc-service/internal/provider/smileid.go:99.2,100.59 2 1
github.com/datakeys/kyc-service/internal/provider/smileid.go:100.59,102.3 1 0
github.com/datakeys/kyc-service/internal/provider/smileid.go:104.2,108.18 4 1
github.com/datakeys/kyc-service/internal/provider/smileid.go:108.18,111.3 2 1
github.com/datakeys/kyc-service/internal/provider/smileid.go:113.2,122.8 3 1
github.com/datakeys/kyc-service/internal/provider/smileid.go:131.67,132.20 1 1
github.com/datakeys/kyc-service/internal/provider/smileid.go:132.20,134.3 1 1
github.com/datakeys/kyc-service/internal/provider/smileid.go:136.2,137.32 2 1
github.com/datakeys/kyc-service/internal/provider/smileid.go:137.32,139.10 2 1
github.com/datakeys/kyc-service/internal/provider/smileid.go:139.10,140.12 1 1
github.com/datakeys/kyc-service/internal/provider/smileid.go:142.3,142.83 1 1
github.com/datakeys/kyc-service/internal/provider/smileid.go:142.83,143.32 1 1
github.com/datakeys/kyc-service/internal/provider/smileid.go:144.19,145.48 1 1
github.com/datakeys/kyc-service/internal/provider/smileid.go:146.21,147.52 1 1
github.com/datakeys/kyc-service/internal/provider/smileid.go:148.31,149.51 1 1
github.com/datakeys/kyc-service/internal/provider/smileid.go:150.12,151.51 1 1
github.com/datakeys/kyc-service/internal/provider/smileid.go:155.2,155.14 1 1
github.com/datakeys/kyc-service/internal/provider/smileid.go:158.40,159.34 1 1
github.com/datakeys/kyc-service/internal/provider/smileid.go:160.21,161.23 1 1
github.com/datakeys/kyc-service/internal/provider/smileid.go:162.18,163.20 1 1
github.com/datakeys/kyc-service/internal/provider/smileid.go:164.25,165.27 1 1
github.com/datakeys/kyc-service/internal/provider/smileid.go:166.20,167.20 1 1
github.com/datakeys/kyc-service/internal/provider/smileid.go:168.10,169.34 1 1
github.com/datakeys/kyc-service/internal/provider/smileid.go:173.37,175.52 2 1
github.com/datakeys/kyc-service/internal/provider/smileid.go:175.52,177.3 1 1
github.com/datakeys/kyc-service/internal/provider/smileid.go:178.2,179.18 2 1
github.com/datakeys/kyc-service/internal/provider/sumsub.go:27.65,28.23 1 1
github.com/datakeys/kyc-service/internal/provider/sumsub.go:28.23,30.3 1 1
github.com/datakeys/kyc-service/internal/provider/sumsub.go:31.2,36.3 1 1
github.com/datakeys/kyc-service/internal/provider/sumsub.go:39.40,41.2 1 1
github.com/datakeys/kyc-service/internal/provider/sumsub.go:43.56,45.2 1 1
github.com/datakeys/kyc-service/internal/provider/sumsub.go:47.118,49.16 2 1
github.com/datakeys/kyc-service/internal/provider/sumsub.go:49.16,51.3 1 1
github.com/datakeys/kyc-service/internal/provider/sumsub.go:53.2,53.26 1 1
github.com/datakeys/kyc-service/internal/provider/sumsub.go:53.26,54.65 1 1
github.com/datakeys/kyc-service/internal/provider/sumsub.go:54.65,56.4 1 0
github.com/datakeys/kyc-service/internal/provider/sumsub.go:59.2,59.58 1 1
github.com/datakeys/kyc-service/internal/provider/sumsub.go:59.58,61.3 1 0
github.com/datakeys/kyc-service/internal/provider/sumsub.go:63.2,64.16 2 1
github.com/datakeys/kyc-service/internal/provider/sumsub.go:64.16,66.3 1 0
github.com/datakeys/kyc-service/internal/provider/sumsub.go:68.2,71.20 4 1
github.com/datakeys/kyc-service/internal/provider/sumsub.go:74.109,86.16 5 1
github.com/datakeys/kyc-service/internal/provider/sumsub.go:86.16,88.3 1 1
github.com/datakeys/kyc-service/internal/provider/sumsub.go:90.2,93.56 2 1
github.com/datakeys/kyc-service/internal/provider/sumsub.go:93.56,95.3 1 0
github.com/datakeys/kyc-service/internal/provider/sumsub.go:96.2,96.19 1 1
github.com/datakeys/kyc-service/internal/provider/sumsub.go:96.19,98.3 1 0
github.com/datakeys/kyc-service/internal/provider/sumsub.go:99.2,99.21 1 1
github.com/datakeys/kyc-service/internal/provider/sumsub.go:102.118,115.16 7 1
github.com/datakeys/kyc-service/internal/provider/sumsub.go:115.16,117.3 1 0
github.com/datakeys/kyc-service/internal/provider/sumsub.go:118.2,118.12 1 1
github.com/datakeys/kyc-service/internal/provider/sumsub.go:121.87,124.16 3 1
github.com/datakeys/kyc-service/internal/provider/sumsub.go:124.16,126.3 1 0
github.com/datakeys/kyc-service/internal/provider/sumsub.go:127.2,127.12 1 1
github.com/datakeys/kyc-service/internal/provider/sumsub.go:130.124,133.44 2 1
github.com/datakeys/kyc-service/internal/provider/sumsub.go:133.44,135.17 2 1
github.com/datakeys/kyc-service/internal/provider/sumsub.go:135.17,137.4 1 0
github.com/datakeys/kyc-service/internal/provider/sumsub.go:139.3,149.59 4 1
github.com/datakeys/kyc-service/internal/provider/sumsub.go:149.59,151.20 2 1
github.com/datakeys/kyc-service/internal/provider/sumsub.go:151.20,153.5 1 1
github.com/datakeys/kyc-service/internal/provider/sumsub.go:156.3,156.10 1 1
github.com/datakeys/kyc-service/internal/provider/sumsub.go:157.21,158.29 1 0
github.com/datakeys/kyc-service/internal/provider/sumsub.go:159.38,159.38 0 1
github.com/datakeys/kyc-service/internal/provider/sumsub.go:163.2,163.66 1 0
github.com/datakeys/kyc-service/internal/provider/sumsub.go:166.62,167.33 1 1
github.com/datakeys/kyc-service/internal/provider/sumsub.go:168.15,173.4 1 1
github.com/datakeys/kyc-service/internal/provider/sumsub.go:174.13,179.4 1 1
github.com/datakeys/kyc-service/internal/provider/sumsub.go:180.10,185.4 1 1
github.com/datakeys/kyc-service/internal/provider/sumsub.go:189.46,190.34 1 1
github.com/datakeys/kyc-service/internal/provider/sumsub.go:191.21,192.19 1 1
github.com/datakeys/kyc-service/internal/provider/sumsub.go:193.18,194.20 1 1
github.com/datakeys/kyc-service/internal/provider/sumsub.go:195.25,196.19 1 1
github.com/datakeys/kyc-service/internal/provider/sumsub.go:197.26,198.28 1 1
github.com/datakeys/kyc-service/internal/provider/sumsub.go:199.10,200.34 1 1
github.com/datakeys/kyc-service/internal/provider/sumsub.go:204.107,209.17 4 1
github.com/datakeys/kyc-service/internal/provider/sumsub.go:209.17,211.3 1 1
github.com/datakeys/kyc-service/internal/provider/sumsub.go:213.2,215.16 3 1
github.com/datakeys/kyc-service/internal/provider/sumsub.go:215.16,217.3 1 0
github.com/datakeys/kyc-service/internal/provider/sumsub.go:219.2,222.17 4 1
github.com/datakeys/kyc-service/internal/provider/sumsub.go:222.17,224.3 1 1
github.com/datakeys/kyc-service/internal/provider/sumsub.go:226.2,227.16 2 1
github.com/datakeys/kyc-service/internal/provider/sumsub.go:227.16,229.3 1 1
github.com/datakeys/kyc-service/internal/provider/sumsub.go:230.2,233.16 3 1
github.com/datakeys/kyc-service/internal/provider/sumsub.go:233.16,235.3 1 0
github.com/datakeys/kyc-service/internal/provider/sumsub.go:237.2,237.28 1 1
github.com/datakeys/kyc-service/internal/provider/sumsub.go:237.28,239.3 1 1
github.com/datakeys/kyc-service/internal/provider/sumsub.go:241.2,241.22 1 1
github.com/datakeys/kyc-service/internal/provider/sumsub.go:244.76,246.17 2 1
github.com/datakeys/kyc-service/internal/provider/sumsub.go:246.17,248.3 1 1
github.com/datakeys/kyc-service/internal/provider/sumsub.go:249.2,251.41 3 1
github.com/datakeys/kyc-service/internal/provider/youverify.go:23.74,25.19 2 1
github.com/datakeys/kyc-service/internal/provider/youverify.go:25.19,26.18 1 1
github.com/datakeys/kyc-service/internal/provider/youverify.go:26.18,28.4 1 1
github.com/datakeys/kyc-service/internal/provider/youverify.go:28.9,30.4 1 1
github.com/datakeys/kyc-service/internal/provider/youverify.go:32.2,39.3 2 1
github.com/datakeys/kyc-service/internal/provider/youverify.go:42.43,44.2 1 1
github.com/datakeys/kyc-service/internal/provider/youverify.go:46.59,48.2 1 1
github.com/datakeys/kyc-service/internal/provider/youverify.go:50.121,52.20 2 1
github.com/datakeys/kyc-service/internal/provider/youverify.go:52.20,59.3 1 1
github.com/datakeys/kyc-service/internal/provider/youverify.go:61.2,62.16 2 1
github.com/datakeys/kyc-service/internal/provider/youverify.go:62.16,64.3 1 0
github.com/datakeys/kyc-service/internal/provider/youverify.go:66.2,68.16 3 1
github.com/datakeys/kyc-service/internal/provider/youverify.go:68.16,70.3 1 0
github.com/datakeys/kyc-service/internal/provider/youverify.go:71.2,75.16 4 1
github.com/datakeys/kyc-service/internal/provider/youverify.go:75.16,77.3 1 0
github.com/datakeys/kyc-service/internal/provider/youverify.go:78.2,81.16 3 1
github.com/datakeys/kyc-service/internal/provider/youverify.go:81.16,83.3 1 0
github.com/datakeys/kyc-service/internal/provider/youverify.go:85.2,85.28 1 1
github.com/datakeys/kyc-service/internal/provider/youverify.go:85.28,87.3 1 1
github.com/datakeys/kyc-service/internal/provider/youverify.go:89.2,90.59 2 1
github.com/datakeys/kyc-service/internal/provider/youverify.go:90.59,92.3 1 0
github.com/datakeys/kyc-service/internal/provider/youverify.go:94.2,97.58 3 1
github.com/datakeys/kyc-service/internal/provider/youverify.go:97.58,105.3 1 1
github.com/datakeys/kyc-service/internal/provider/youverify.go:107.2,113.8 1 1
github.com/datakeys/kyc-service/internal/provider/youverify.go:123.103,127.17 3 1
github.com/datakeys/kyc-service/internal/provider/youverify.go:128.12,129.18 1 1
github.com/datakeys/kyc-service/internal/provider/youverify.go:130.22,131.67 1 1
github.com/datakeys/kyc-service/internal/provider/youverify.go:132.14,133.67 1 1
github.com/datakeys/kyc-service/internal/provider/youverify.go:135.12,136.31 1 1
github.com/datakeys/kyc-service/internal/provider/youverify.go:136.31,138.4 1 1
github.com/datakeys/kyc-service/internal/provider/youverify.go:141.2,141.16 1 1
github.com/datakeys/kyc-service/internal/registry/adapter.go:9.21,11.2 1 1
github.com/datakeys/kyc-service/internal/registry/adapter.go:13.70,15.2 1 1
github.com/datakeys/kyc-service/internal/registry/adapter.go:17.68,19.2 1 1
github.com/datakeys/kyc-service/internal/registry/adapter.go:21.79,23.2 1 1
github.com/datakeys/kyc-service/internal/registry/adapter.go:25.58,27.2 1 1
github.com/datakeys/kyc-service/internal/audit/logger.go:75.83,79.56 3 0
github.com/datakeys/kyc-service/internal/audit/logger.go:79.56,81.3 1 0
github.com/datakeys/kyc-service/internal/audit/logger.go:83.2,84.54 2 0
github.com/datakeys/kyc-service/internal/audit/logger.go:87.63,90.2 2 0
github.com/datakeys/kyc-service/internal/audit/logger.go:92.37,95.2 2 1
github.com/datakeys/kyc-service/internal/audit/logger.go:97.66,98.19 1 1
github.com/datakeys/kyc-service/internal/audit/logger.go:98.19,101.3 2 1
github.com/datakeys/kyc-service/internal/audit/logger.go:103.2,109.27 5 0
github.com/datakeys/kyc-service/internal/audit/logger.go:109.27,111.3 1 0
github.com/datakeys/kyc-service/internal/audit/logger.go:113.2,123.16 2 0
github.com/datakeys/kyc-service/internal/audit/logger.go:123.16,129.3 1 0
github.com/datakeys/kyc-service/internal/audit/logger.go:132.71,133.12 1 1
github.com/datakeys/kyc-service/internal/audit/logger.go:133.12,137.3 3 1
github.com/datakeys/kyc-service/internal/audit/logger.go:138.2,138.9 1 1
github.com/datakeys/kyc-service/internal/audit/logger.go:141.109,152.16 2 0
github.com/datakeys/kyc-service/internal/audit/logger.go:152.16,154.3 1 0
github.com/datakeys/kyc-service/internal/audit/logger.go:155.2,158.18 3 0
github.com/datakeys/kyc-service/internal/audit/logger.go:158.18,166.17 3 0
github.com/datakeys/kyc-service/internal/audit/logger.go:166.17,168.4 1 0
github.com/datakeys/kyc-service/internal/audit/logger.go:169.3,169.20 1 0
github.com/datakeys/kyc-service/internal/audit/logger.go:169.20,171.4 1 0
github.com/datakeys/kyc-service/internal/audit/logger.go:172.3,172.31 1 0
github.com/datakeys/kyc-service/internal/audit/logger.go:174.2,174.28 1 0
github.com/datakeys/kyc-service/internal/countries/registry.go:34.41,487.30 3 1
github.com/datakeys/kyc-service/internal/countries/registry.go:487.30,489.3 1 1
github.com/datakeys/kyc-service/internal/countries/registry.go:490.2,490.10 1 1
github.com/datakeys/kyc-service/internal/countries/registry.go:493.47,495.9 2 1
github.com/datakeys/kyc-service/internal/countries/registry.go:495.9,497.3 1 1
github.com/datakeys/kyc-service/internal/countries/registry.go:498.2,498.17 1 1
github.com/datakeys/kyc-service/internal/countries/registry.go:501.45,503.9 2 1
github.com/datakeys/kyc-service/internal/countries/registry.go:503.9,505.3 1 1
github.com/datakeys/kyc-service/internal/countries/registry.go:506.2,506.19 1 1
github.com/datakeys/kyc-service/internal/countries/registry.go:509.55,511.9 2 1
github.com/datakeys/kyc-service/internal/countries/registry.go:511.9,513.3 1 1
github.com/datakeys/kyc-service/internal/countries/registry.go:514.2,515.32 2 1
github.com/datakeys/kyc-service/internal/countries/registry.go:515.32,516.42 1 1
github.com/datakeys/kyc-service/internal/countries/registry.go:516.42,518.4 1 1
github.com/datakeys/kyc-service/internal/countries/registry.go:520.2,520.14 1 1
github.com/datakeys/kyc-service/internal/countries/registry.go:523.66,524.18 1 1
github.com/datakeys/kyc-service/internal/countries/registry.go:524.18,526.3 1 0
github.com/datakeys/kyc-service/internal/countries/registry.go:528.2,529.9 2 1
github.com/datakeys/kyc-service/internal/countries/registry.go:529.9,531.3 1 0
github.com/datakeys/kyc-service/internal/countries/registry.go:533.2,534.32 2 1
github.com/datakeys/kyc-service/internal/countries/registry.go:534.32,535.42 1 1
github.com/datakeys/kyc-service/internal/countries/registry.go:535.42,536.12 1 1
github.com/datakeys/kyc-service/internal/countries/registry.go:538.3,538.23 1 1
github.com/datakeys/kyc-service/internal/countries/registry.go:538.23,540.4 1 1
github.com/datakeys/kyc-service/internal/countries/registry.go:541.3,542.31 2 1
github.com/datakeys/kyc-service/internal/countries/registry.go:544.2,544.14 1 0
github.com/datakeys/kyc-service/internal/countries/registry.go:547.48,549.9 2 1
github.com/datakeys/kyc-service/internal/countries/registry.go:549.9,551.3 1 1
github.com/datakeys/kyc-service/internal/countries/registry.go:552.2,552.22 1 1
github.com/datakeys/kyc-service/internal/countries/registry.go:555.32,557.29 2 1
github.com/datakeys/kyc-service/internal/countries/registry.go:557.29,559.3 1 1
github.com/datakeys/kyc-service/internal/countries/registry.go:560.2,560.15 1 1
github.com/datakeys/kyc-service/internal/countries/registry.go:563.44,566.29 3 1
github.com/datakeys/kyc-service/internal/countries/registry.go:566.29,567.25 1 1
github.com/datakeys/kyc-service/internal/countries/registry.go:567.25,569.4 1 1
github.com/datakeys/kyc-service/internal/countries/registry.go:571.2,571.15 1 1
github.com/datakeys/kyc-service/internal/countries/registry.go:575.40,584.2 1 1
github.com/datakeys/kyc-service/config/config.go:66.29,107.39 2 1
github.com/datakeys/kyc-service/config/config.go:107.39,109.3 1 1
github.com/datakeys/kyc-service/config/config.go:111.2,111.17 1 1
github.com/datakeys/kyc-service/config/config.go:114.34,115.53 1 1
github.com/datakeys/kyc-service/config/config.go:115.53,117.3 1 1
github.com/datakeys/kyc-service/config/config.go:119.2,119.29 1 1
github.com/datakeys/kyc-service/config/config.go:119.29,121.3 1 1
github.com/datakeys/kyc-service/config/config.go:123.2,123.34 1 1
github.com/datakeys/kyc-service/config/config.go:123.34,125.3 1 1
github.com/datakeys/kyc-service/config/config.go:127.2,127.58 1 1
github.com/datakeys/kyc-service/config/config.go:127.58,129.3 1 1
github.com/datakeys/kyc-service/config/config.go:131.2,134.44 2 1
github.com/datakeys/kyc-service/config/config.go:134.44,136.3 1 1
github.com/datakeys/kyc-service/config/config.go:138.2,138.37 1 1
github.com/datakeys/kyc-service/config/config.go:138.37,140.3 1 1
github.com/datakeys/kyc-service/config/config.go:142.2,142.12 1 1
github.com/datakeys/kyc-service/config/config.go:145.42,146.34 1 1
github.com/datakeys/kyc-service/config/config.go:146.34,148.3 1 1
github.com/datakeys/kyc-service/config/config.go:149.2,149.17 1 1
github.com/datakeys/kyc-service/config/config.go:152.46,154.13 2 1
github.com/datakeys/kyc-service/config/config.go:154.13,156.3 1 1
github.com/datakeys/kyc-service/config/config.go:157.2,158.16 2 1
github.com/datakeys/kyc-service/config/config.go:158.16,160.3 1 1
github.com/datakeys/kyc-service/config/config.go:161.2,161.10 1 1
github.com/datakeys/kyc-service/config/config.go:164.56,166.13 2 1
github.com/datakeys/kyc-service/config/config.go:166.13,168.3 1 1
github.com/datakeys/kyc-service/config/config.go:169.2,170.16 2 1
github.com/datakeys/kyc-service/config/config.go:170.16,172.3 1 1
github.com/datakeys/kyc-service/config/config.go:173.2,173.10 1 1
github.com/datakeys/kyc-service/config/config.go:176.49,178.13 2 1
github.com/datakeys/kyc-service/config/config.go:178.13,180.3 1 1
github.com/datakeys/kyc-service/config/config.go:181.2,182.16 2 1
github.com/datakeys/kyc-service/config/config.go:182.16,184.3 1 1
github.com/datakeys/kyc-service/config/config.go:185.2,185.10 1 1
github.com/datakeys/kyc-service/internal/service/kyc.go:36.15,46.2 1 1
github.com/datakeys/kyc-service/internal/service/kyc.go:48.119,49.54 1 1
github.com/datakeys/kyc-service/internal/service/kyc.go:49.54,51.3 1 1
github.com/datakeys/kyc-service/internal/service/kyc.go:53.2,54.54 2 1
github.com/datakeys/kyc-service/internal/service/kyc.go:54.54,56.3 1 1
github.com/datakeys/kyc-service/internal/service/kyc.go:58.2,58.58 1 1
github.com/datakeys/kyc-service/internal/service/kyc.go:58.58,60.3 1 1
github.com/datakeys/kyc-service/internal/service/kyc.go:62.2,62.99 1 1
github.com/datakeys/kyc-service/internal/service/kyc.go:62.99,64.3 1 1
github.com/datakeys/kyc-service/internal/service/kyc.go:66.2,68.75 3 1
github.com/datakeys/kyc-service/internal/service/kyc.go:68.75,70.3 1 0
github.com/datakeys/kyc-service/internal/service/kyc.go:72.2,73.16 2 1
github.com/datakeys/kyc-service/internal/service/kyc.go:73.16,75.3 1 0
github.com/datakeys/kyc-service/internal/service/kyc.go:76.2,76.12 1 1
github.com/datakeys/kyc-service/internal/service/kyc.go:76.12,78.3 1 1
github.com/datakeys/kyc-service/internal/service/kyc.go:80.2,84.16 4 1
github.com/datakeys/kyc-service/internal/service/kyc.go:84.16,86.3 1 1
github.com/datakeys/kyc-service/internal/service/kyc.go:88.2,103.69 3 1
github.com/datakeys/kyc-service/internal/service/kyc.go:103.69,105.3 1 1
github.com/datakeys/kyc-service/internal/service/kyc.go:107.2,122.8 2 1
github.com/datakeys/kyc-service/internal/service/kyc.go:125.80,129.16 3 1
github.com/datakeys/kyc-service/internal/service/kyc.go:129.16,131.3 1 0
github.com/datakeys/kyc-service/internal/service/kyc.go:133.2,133.48 1 1
github.com/datakeys/kyc-service/internal/service/kyc.go:133.48,135.3 1 1
github.com/datakeys/kyc-service/internal/service/kyc.go:137.2,138.16 2 1
github.com/datakeys/kyc-service/internal/service/kyc.go:138.16,140.3 1 0
github.com/datakeys/kyc-service/internal/service/kyc.go:142.2,142.135 1 1
github.com/datakeys/kyc-service/internal/service/kyc.go:142.135,144.3 1 0
github.com/datakeys/kyc-service/internal/service/kyc.go:146.2,147.9 2 1
github.com/datakeys/kyc-service/internal/service/kyc.go:147.9,149.3 1 0
github.com/datakeys/kyc-service/internal/service/kyc.go:151.2,161.16 3 1
github.com/datakeys/kyc-service/internal/service/kyc.go:161.16,163.3 1 1
github.com/datakeys/kyc-service/internal/service/kyc.go:165.2,168.111 3 1
github.com/datakeys/kyc-service/internal/service/kyc.go:168.111,170.3 1 0
github.com/datakeys/kyc-service/internal/service/kyc.go:172.2,172.36 1 1
github.com/datakeys/kyc-service/internal/service/kyc.go:172.36,173.71 1 1
github.com/datakeys/kyc-service/internal/service/kyc.go:173.71,178.4 1 0
github.com/datakeys/kyc-service/internal/service/kyc.go:181.2,181.36 1 1
github.com/datakeys/kyc-service/internal/service/kyc.go:181.36,184.3 2 1
github.com/datakeys/kyc-service/internal/service/kyc.go:186.2,186.35 1 1
github.com/datakeys/kyc-service/internal/service/kyc.go:186.35,196.3 1 0
github.com/datakeys/kyc-service/internal/service/kyc.go:198.2,198.12 1 1
github.com/datakeys/kyc-service/internal/service/kyc.go:201.111,203.2 1 1
github.com/datakeys/kyc-service/internal/service/kyc.go:205.64,207.41 2 1
github.com/datakeys/kyc-service/internal/service/kyc.go:207.41,209.3 1 1
github.com/datakeys/kyc-service/internal/service/kyc.go:211.2,212.37 2 1
github.com/datakeys/kyc-service/internal/service/kyc.go:212.37,214.3 1 1
github.com/datakeys/kyc-service/internal/service/kyc.go:216.2,217.37 2 1
github.com/datakeys/kyc-service/internal/service/kyc.go:217.37,218.17 1 1
github.com/datakeys/kyc-service/internal/service/kyc.go:218.17,219.12 1 0
github.com/datakeys/kyc-service/internal/service/kyc.go:221.3,222.37 2 1
github.com/datakeys/kyc-service/internal/service/kyc.go:222.37,224.4 1 1
github.com/datakeys/kyc-service/internal/service/kyc.go:227.2,227.16 1 0
github.com/datakeys/kyc-service/internal/service/kyc.go:230.70,235.16 4 1
github.com/datakeys/kyc-service/internal/service/kyc.go:235.16,241.3 2 1
github.com/datakeys/kyc-service/internal/service/kyc.go:243.2,248.66 2 1
github.com/datakeys/kyc-service/internal/service/kyc.go:248.66,253.3 1 1
github.com/datakeys/kyc-service/internal/service/kyc.go:256.76,257.36 1 1
github.com/datakeys/kyc-service/internal/service/kyc.go:257.36,259.3 1 1
github.com/datakeys/kyc-service/internal/service/kyc.go:260.2,260.17 1 1
github.com/datakeys/kyc-service/internal/service/kyc.go:260.17,262.3 1 1
github.com/datakeys/kyc-service/internal/service/kyc.go:263.2,263.33 1 1
github.com/datakeys/kyc-service/internal/service/kyc.go:266.55,269.50 3 1
github.com/datakeys/kyc-service/internal/service/kyc.go:269.50,270.25 1 1
github.com/datakeys/kyc-service/internal/service/kyc.go:270.25,271.12 1 1
github.com/datakeys/kyc-service/internal/service/kyc.go:273.3,274.29 2 1
github.com/datakeys/kyc-service/internal/service/kyc.go:276.2,276.15 1 1
github.com/datakeys/kyc-service/internal/countries/registry.go:34.41,487.30 3 1
github.com/datakeys/kyc-service/internal/countries/registry.go:487.30,489.3 1 1
github.com/datakeys/kyc-service/internal/countries/registry.go:490.2,490.10 1 1
github.com/datakeys/kyc-service/internal/countries/registry.go:493.47,495.9 2 1
github.com/datakeys/kyc-service/internal/countries/registry.go:495.9,497.3 1 1
github.com/datakeys/kyc-service/internal/countries/registry.go:498.2,498.17 1 1
github.com/datakeys/kyc-service/internal/countries/registry.go:501.45,503.9 2 1
github.com/datakeys/kyc-service/internal/countries/registry.go:503.9,505.3 1 1
github.com/datakeys/kyc-service/internal/countries/registry.go:506.2,506.19 1 1
github.com/datakeys/kyc-service/internal/countries/registry.go:509.55,511.9 2 1
github.com/datakeys/kyc-service/internal/countries/registry.go:511.9,513.3 1 1
github.com/datakeys/kyc-service/internal/countries/registry.go:514.2,515.32 2 1
github.com/datakeys/kyc-service/internal/countries/registry.go:515.32,516.42 1 1
github.com/datakeys/kyc-service/internal/countries/registry.go:516.42,518.4 1 1
github.com/datakeys/kyc-service/internal/countries/registry.go:520.2,520.14 1 1
github.com/datakeys/kyc-service/internal/countries/registry.go:523.66,524.18 1 1
github.com/datakeys/kyc-service/internal/countries/registry.go:524.18,526.3 1 0
github.com/datakeys/kyc-service/internal/countries/registry.go:528.2,529.9 2 1
github.com/datakeys/kyc-service/internal/countries/registry.go:529.9,531.3 1 0
github.com/datakeys/kyc-service/internal/countries/registry.go:533.2,534.32 2 1
github.com/datakeys/kyc-service/internal/countries/registry.go:534.32,535.42 1 1
github.com/datakeys/kyc-service/internal/countries/registry.go:535.42,536.12 1 1
github.com/datakeys/kyc-service/internal/countries/registry.go:538.3,538.23 1 1
github.com/datakeys/kyc-service/internal/countries/registry.go:538.23,540.4 1 1
github.com/datakeys/kyc-service/internal/countries/registry.go:541.3,542.31 2 1
github.com/datakeys/kyc-service/internal/countries/registry.go:544.2,544.14 1 0
github.com/datakeys/kyc-service/internal/countries/registry.go:547.48,549.9 2 1
github.com/datakeys/kyc-service/internal/countries/registry.go:549.9,551.3 1 1
github.com/datakeys/kyc-service/internal/countries/registry.go:552.2,552.22 1 1
github.com/datakeys/kyc-service/internal/countries/registry.go:555.32,557.29 2 1
github.com/datakeys/kyc-service/internal/countries/registry.go:557.29,559.3 1 1
github.com/datakeys/kyc-service/internal/countries/registry.go:560.2,560.15 1 1
github.com/datakeys/kyc-service/internal/countries/registry.go:563.44,566.29 3 1
github.com/datakeys/kyc-service/internal/countries/registry.go:566.29,567.25 1 1
github.com/datakeys/kyc-service/internal/countries/registry.go:567.25,569.4 1 1
github.com/datakeys/kyc-service/internal/countries/registry.go:571.2,571.15 1 1
github.com/datakeys/kyc-service/internal/countries/registry.go:575.40,584.2 1 1
github.com/datakeys/kyc-service/internal/handler/health.go:11.58,13.2 1 1
github.com/datakeys/kyc-service/internal/handler/health.go:15.53,20.2 1 1
github.com/datakeys/kyc-service/internal/handler/health.go:22.54,27.2 1 1
github.com/datakeys/kyc-service/internal/handler/kyc.go:32.15,40.2 1 1
github.com/datakeys/kyc-service/internal/handler/kyc.go:42.50,44.44 2 1
github.com/datakeys/kyc-service/internal/handler/kyc.go:44.44,46.3 1 0
github.com/datakeys/kyc-service/internal/handler/kyc.go:48.2,48.47 1 1
github.com/datakeys/kyc-service/internal/handler/kyc.go:48.47,50.3 1 0
github.com/datakeys/kyc-service/internal/handler/kyc.go:52.2,53.16 2 1
github.com/datakeys/kyc-service/internal/handler/kyc.go:53.16,56.3 2 1
github.com/datakeys/kyc-service/internal/handler/kyc.go:58.2,58.66 1 0
github.com/datakeys/kyc-service/internal/handler/kyc.go:61.51,63.54 2 1
github.com/datakeys/kyc-service/internal/handler/kyc.go:63.54,65.3 1 0
github.com/datakeys/kyc-service/internal/handler/kyc.go:67.2,68.16 2 1
github.com/datakeys/kyc-service/internal/handler/kyc.go:68.16,69.49 1 0
github.com/datakeys/kyc-service/internal/handler/kyc.go:69.49,71.4 1 0
github.com/datakeys/kyc-service/internal/handler/kyc.go:72.3,73.84 2 0
github.com/datakeys/kyc-service/internal/handler/kyc.go:76.2,76.40 1 1
github.com/datakeys/kyc-service/internal/handler/kyc.go:79.55,92.30 4 1
github.com/datakeys/kyc-service/internal/handler/kyc.go:92.30,102.3 1 1
github.com/datakeys/kyc-service/internal/handler/kyc.go:104.2,104.38 1 1
github.com/datakeys/kyc-service/internal/handler/kyc.go:107.54,110.9 3 1
github.com/datakeys/kyc-service/internal/handler/kyc.go:110.9,112.3 1 1
github.com/datakeys/kyc-service/internal/handler/kyc.go:114.2,114.50 1 0
github.com/datakeys/kyc-service/internal/handler/kyc.go:117.56,119.65 2 1
github.com/datakeys/kyc-service/internal/handler/kyc.go:119.65,121.3 1 1
github.com/datakeys/kyc-service/internal/handler/kyc.go:123.2,124.26 2 1
github.com/datakeys/kyc-service/internal/handler/kyc.go:124.26,126.3 1 1
github.com/datakeys/kyc-service/internal/handler/kyc.go:128.2,128.21 1 1
github.com/datakeys/kyc-service/internal/handler/kyc.go:128.21,130.52 2 1
github.com/datakeys/kyc-service/internal/handler/kyc.go:130.52,135.4 1 0
github.com/datakeys/kyc-service/internal/handler/kyc.go:138.2,138.73 1 1
github.com/datakeys/kyc-service/internal/handler/kyc.go:141.55,143.63 2 1
github.com/datakeys/kyc-service/internal/handler/kyc.go:143.63,145.3 1 1
github.com/datakeys/kyc-service/internal/handler/kyc.go:147.2,148.26 2 1
github.com/datakeys/kyc-service/internal/handler/kyc.go:148.26,150.3 1 1
github.com/datakeys/kyc-service/internal/handler/kyc.go:152.2,152.21 1 1
github.com/datakeys/kyc-service/internal/handler/kyc.go:152.21,154.52 2 1
github.com/datakeys/kyc-service/internal/handler/kyc.go:154.52,159.4 1 0
github.com/datakeys/kyc-service/internal/handler/kyc.go:162.2,162.73 1 1
github.com/datakeys/kyc-service/internal/handler/kyc.go:165.81,166.41 1 1
github.com/datakeys/kyc-service/internal/handler/kyc.go:166.41,168.3 1 1
github.com/datakeys/kyc-service/internal/handler/kyc.go:169.2,172.56 4 1
github.com/datakeys/kyc-service/internal/handler/kyc.go:175.77,176.39 1 1
github.com/datakeys/kyc-service/internal/handler/kyc.go:176.39,178.3 1 1
github.com/datakeys/kyc-service/internal/handler/kyc.go:179.2,182.53 4 1
github.com/datakeys/kyc-service/internal/handler/kyc.go:185.48,187.55 2 1
github.com/datakeys/kyc-service/internal/handler/kyc.go:187.55,189.3 1 0
github.com/datakeys/kyc-service/internal/handler/kyc.go:191.2,191.59 1 1
github.com/datakeys/kyc-service/internal/handler/kyc.go:191.59,193.3 1 1
github.com/datakeys/kyc-service/internal/handler/kyc.go:194.2,194.66 1 1
github.com/datakeys/kyc-service/internal/handler/kyc.go:194.66,196.3 1 1
github.com/datakeys/kyc-service/internal/handler/kyc.go:197.2,197.62 1 1
github.com/datakeys/kyc-service/internal/handler/kyc.go:197.62,198.45 1 0
github.com/datakeys/kyc-service/internal/handler/kyc.go:198.45,200.4 1 0
github.com/datakeys/kyc-service/internal/handler/kyc.go:201.3,201.52 1 0
github.com/datakeys/kyc-service/internal/handler/kyc.go:201.52,203.4 1 0
github.com/datakeys/kyc-service/internal/handler/kyc.go:205.2,205.11 1 1
github.com/datakeys/kyc-service/internal/handler/response.go:12.52,19.2 1 1
github.com/datakeys/kyc-service/internal/handler/response.go:21.47,29.2 2 1
github.com/datakeys/kyc-service/internal/job/cleanup.go:17.54,18.35 1 1
github.com/datakeys/kyc-service/internal/job/cleanup.go:18.35,20.3 1 1
github.com/datakeys/kyc-service/internal/job/cleanup.go:21.2,21.31 1 1
github.com/datakeys/kyc-service/internal/job/cleanup.go:21.31,23.3 1 1
github.com/datakeys/kyc-service/internal/job/cleanup.go:24.2,24.27 1 1
github.com/datakeys/kyc-service/internal/job/cleanup.go:24.27,26.3 1 1
github.com/datakeys/kyc-service/internal/job/cleanup.go:27.2,27.36 1 1
github.com/datakeys/kyc-service/internal/job/cleanup.go:30.50,30.51 0 1
github.com/datakeys/kyc-service/internal/job/cleanup.go:32.30,32.31 0 1
github.com/datakeys/kyc-service/internal/job/cleanup.go:34.32,34.33 0 1
github.com/datakeys/kyc-service/cmd/main.go:26.13,28.16 2 0
github.com/datakeys/kyc-service/cmd/main.go:28.16,29.45 1 0
github.com/datakeys/kyc-service/cmd/main.go:31.2,34.16 3 0
github.com/datakeys/kyc-service/cmd/main.go:34.16,36.3 1 0
github.com/datakeys/kyc-service/cmd/main.go:38.2,40.16 3 0
github.com/datakeys/kyc-service/cmd/main.go:40.16,42.3 1 0
github.com/datakeys/kyc-service/cmd/main.go:43.2,91.12 20 0
github.com/datakeys/kyc-service/cmd/main.go:91.12,94.42 3 0
github.com/datakeys/kyc-service/cmd/main.go:94.42,96.4 1 0
github.com/datakeys/kyc-service/cmd/main.go:99.2,104.66 5 0
github.com/datakeys/kyc-service/cmd/main.go:104.66,106.3 1 0
github.com/datakeys/kyc-service/internal/job/cleanup.go:17.54,18.35 1 1
github.com/datakeys/kyc-service/internal/job/cleanup.go:18.35,20.3 1 1
github.com/datakeys/kyc-service/internal/job/cleanup.go:21.2,21.31 1 1
github.com/datakeys/kyc-service/internal/job/cleanup.go:21.31,23.3 1 1
github.com/datakeys/kyc-service/internal/job/cleanup.go:24.2,24.27 1 1
github.com/datakeys/kyc-service/internal/job/cleanup.go:24.27,26.3 1 1
github.com/datakeys/kyc-service/internal/job/cleanup.go:27.2,27.36 1 1
github.com/datakeys/kyc-service/internal/job/cleanup.go:30.50,30.51 0 1
github.com/datakeys/kyc-service/internal/job/cleanup.go:32.30,32.31 0 1
github.com/datakeys/kyc-service/internal/job/cleanup.go:34.32,34.33 0 1
github.com/datakeys/kyc-service/internal/storage/memory.go:15.54,20.2 1 1
github.com/datakeys/kyc-service/internal/storage/memory.go:22.110,24.2 1 1
github.com/datakeys/kyc-service/internal/storage/memory.go:26.95,31.9 4 1
github.com/datakeys/kyc-service/internal/storage/memory.go:31.9,33.3 1 1
github.com/datakeys/kyc-service/internal/storage/memory.go:34.2,34.18 1 1
github.com/datakeys/kyc-service/internal/storage/memory.go:37.88,42.2 4 1
github.com/datakeys/kyc-service/internal/storage/memory.go:44.100,49.2 4 1
github.com/datakeys/kyc-service/internal/storage/minio.go:32.103,33.22 1 0
github.com/datakeys/kyc-service/internal/storage/minio.go:33.22,35.3 1 0
github.com/datakeys/kyc-service/internal/storage/minio.go:37.2,42.16 2 0
github.com/datakeys/kyc-service/internal/storage/minio.go:42.16,44.3 1 0
github.com/datakeys/kyc-service/internal/storage/minio.go:46.2,47.16 2 0
github.com/datakeys/kyc-service/internal/storage/minio.go:47.16,49.3 1 0
github.com/datakeys/kyc-service/internal/storage/minio.go:50.2,50.13 1 0
github.com/datakeys/kyc-service/internal/storage/minio.go:50.13,51.105 1 0
github.com/datakeys/kyc-service/internal/storage/minio.go:51.105,53.4 1 0
github.com/datakeys/kyc-service/internal/storage/minio.go:56.2,56.65 1 0
github.com/datakeys/kyc-service/internal/storage/minio.go:56.65,58.3 1 0
github.com/datakeys/kyc-service/internal/storage/minio.go:60.2,70.71 3 0
github.com/datakeys/kyc-service/internal/storage/minio.go:70.71,72.3 1 0
github.com/datakeys/kyc-service/internal/storage/minio.go:74.2,85.8 2 0
github.com/datakeys/kyc-service/internal/storage/minio.go:88.111,92.16 3 0
github.com/datakeys/kyc-service/internal/storage/minio.go:92.16,94.3 1 0
github.com/datakeys/kyc-service/internal/storage/minio.go:96.2,100.26 2 0
github.com/datakeys/kyc-service/internal/storage/minio.go:103.96,108.27 4 0
github.com/datakeys/kyc-service/internal/storage/minio.go:108.27,110.3 1 0
github.com/datakeys/kyc-service/internal/storage/minio.go:112.2,113.16 2 0
github.com/datakeys/kyc-service/internal/storage/minio.go:113.16,115.3 1 0
github.com/datakeys/kyc-service/internal/storage/minio.go:116.2,119.16 3 0
github.com/datakeys/kyc-service/internal/storage/minio.go:119.16,121.3 1 0
github.com/datakeys/kyc-service/internal/storage/minio.go:123.2,123.30 1 0
github.com/datakeys/kyc-service/internal/storage/minio.go:123.30,125.3 1 0
github.com/datakeys/kyc-service/internal/storage/minio.go:127.2,132.18 2 0
github.com/datakeys/kyc-service/internal/storage/minio.go:135.89,140.27 4 0
github.com/datakeys/kyc-service/internal/storage/minio.go:140.27,141.21 1 0
github.com/datakeys/kyc-service/internal/storage/minio.go:141.21,143.4 1 0
github.com/datakeys/kyc-service/internal/storage/minio.go:144.3,144.100 1 0
github.com/datakeys/kyc-service/internal/storage/minio.go:144.100,145.23 1 0
github.com/datakeys/kyc-service/internal/storage/minio.go:145.23,147.5 1 0
github.com/datakeys/kyc-service/internal/storage/minio.go:148.4,148.12 1 0
github.com/datakeys/kyc-service/internal/storage/minio.go:150.3,152.4 1 0
github.com/datakeys/kyc-service/internal/storage/minio.go:155.2,155.21 1 0
github.com/datakeys/kyc-service/internal/storage/minio.go:155.21,157.3 1 0
github.com/datakeys/kyc-service/internal/storage/minio.go:158.2,158.12 1 0
github.com/datakeys/kyc-service/internal/storage/minio.go:161.90,165.27 3 0
github.com/datakeys/kyc-service/internal/storage/minio.go:165.27,166.21 1 0
github.com/datakeys/kyc-service/internal/storage/minio.go:166.21,168.4 1 0
github.com/datakeys/kyc-service/internal/storage/minio.go:169.3,177.17 3 0
github.com/datakeys/kyc-service/internal/storage/minio.go:177.17,179.4 1 0
github.com/datakeys/kyc-service/internal/storage/minio.go:180.3,180.100 1 0
github.com/datakeys/kyc-service/internal/storage/minio.go:180.100,182.4 1 0
github.com/datakeys/kyc-service/internal/storage/minio.go:184.2,184.12 1 0
github.com/datakeys/kyc-service/internal/storage/minio.go:187.99,192.27 4 0
github.com/datakeys/kyc-service/internal/storage/minio.go:192.27,196.28 4 0
github.com/datakeys/kyc-service/internal/storage/minio.go:196.28,198.4 1 0
github.com/datakeys/kyc-service/internal/storage/minio.go:201.2,202.16 2 0
github.com/datakeys/kyc-service/internal/storage/minio.go:202.16,204.3 1 0
github.com/datakeys/kyc-service/internal/storage/minio.go:206.2,206.26 1 0
github.com/datakeys/kyc-service/internal/audit/logger.go:75.83,79.56 3 0
github.com/datakeys/kyc-service/internal/audit/logger.go:79.56,81.3 1 0
github.com/datakeys/kyc-service/internal/audit/logger.go:83.2,84.54 2 0
github.com/datakeys/kyc-service/internal/audit/logger.go:87.63,90.2 2 0
github.com/datakeys/kyc-service/internal/audit/logger.go:92.37,95.2 2 1
github.com/datakeys/kyc-service/internal/audit/logger.go:97.66,98.19 1 1
github.com/datakeys/kyc-service/internal/audit/logger.go:98.19,101.3 2 1
github.com/datakeys/kyc-service/internal/audit/logger.go:103.2,109.27 5 0
github.com/datakeys/kyc-service/internal/audit/logger.go:109.27,111.3 1 0
github.com/datakeys/kyc-service/internal/audit/logger.go:113.2,123.16 2 0
github.com/datakeys/kyc-service/internal/audit/logger.go:123.16,129.3 1 0
github.com/datakeys/kyc-service/internal/audit/logger.go:132.71,133.12 1 1
github.com/datakeys/kyc-service/internal/audit/logger.go:133.12,137.3 3 1
github.com/datakeys/kyc-service/internal/audit/logger.go:138.2,138.9 1 1
github.com/datakeys/kyc-service/internal/audit/logger.go:141.109,152.16 2 0
github.com/datakeys/kyc-service/internal/audit/logger.go:152.16,154.3 1 0
github.com/datakeys/kyc-service/internal/audit/logger.go:155.2,158.18 3 0
github.com/datakeys/kyc-service/internal/audit/logger.go:158.18,166.17 3 0
github.com/datakeys/kyc-service/internal/audit/logger.go:166.17,168.4 1 0
github.com/datakeys/kyc-service/internal/audit/logger.go:169.3,169.20 1 0
github.com/datakeys/kyc-service/internal/audit/logger.go:169.20,171.4 1 0
github.com/datakeys/kyc-service/internal/audit/logger.go:172.3,172.31 1 0
github.com/datakeys/kyc-service/internal/audit/logger.go:174.2,174.28 1 0
github.com/datakeys/kyc-service/internal/webhook/sender.go:18.34,22.2 1 1
github.com/datakeys/kyc-service/internal/webhook/sender.go:24.97,26.16 2 1
github.com/datakeys/kyc-service/internal/webhook/sender.go:26.16,28.3 1 0
github.com/datakeys/kyc-service/internal/webhook/sender.go:30.2,31.16 2 1
github.com/datakeys/kyc-service/internal/webhook/sender.go:31.16,33.3 1 0
github.com/datakeys/kyc-service/internal/webhook/sender.go:34.2,35.29 2 1
github.com/datakeys/kyc-service/internal/webhook/sender.go:35.29,37.3 1 1
github.com/datakeys/kyc-service/internal/webhook/sender.go:39.2,40.16 2 1
github.com/datakeys/kyc-service/internal/webhook/sender.go:40.16,42.3 1 1
github.com/datakeys/kyc-service/internal/webhook/sender.go:43.2,45.28 2 1
github.com/datakeys/kyc-service/internal/webhook/sender.go:45.28,47.3 1 1
github.com/datakeys/kyc-service/internal/webhook/sender.go:48.2,48.12 1 1
github.com/datakeys/kyc-service/internal/metrics/prometheus.go:31.59,152.31 3 1
github.com/datakeys/kyc-service/internal/metrics/prometheus.go:152.31,153.41 1 1
github.com/datakeys/kyc-service/internal/metrics/prometheus.go:153.41,154.48 1 0
github.com/datakeys/kyc-service/internal/metrics/prometheus.go:157.2,157.10 1 1
github.com/datakeys/kyc-service/internal/metrics/prometheus.go:160.38,162.2 1 1
github.com/datakeys/kyc-service/internal/metrics/prometheus.go:164.40,167.29 3 1
github.com/datakeys/kyc-service/internal/metrics/prometheus.go:167.29,168.15 1 1
github.com/datakeys/kyc-service/internal/metrics/prometheus.go:168.15,169.18 1 1
github.com/datakeys/kyc-service/internal/metrics/prometheus.go:169.18,171.35 2 1
github.com/datakeys/kyc-service/internal/metrics/prometheus.go:171.35,173.6 1 0
github.com/datakeys/kyc-service/internal/metrics/prometheus.go:175.4,175.17 1 1
github.com/datakeys/kyc-service/internal/metrics/prometheus.go:178.2,178.16 1 1
github.com/datakeys/kyc-service/internal/metrics/prometheus.go:178.16,180.33 2 1
github.com/datakeys/kyc-service/internal/metrics/prometheus.go:180.33,182.4 1 1
github.com/datakeys/kyc-service/internal/metrics/prometheus.go:184.2,184.25 1 0
github.com/datakeys/kyc-service/internal/metrics/prometheus.go:187.56,188.33 1 1
github.com/datakeys/kyc-service/internal/metrics/prometheus.go:188.33,190.34 2 1
github.com/datakeys/kyc-service/internal/metrics/prometheus.go:190.34,192.4 1 0
github.com/datakeys/kyc-service/internal/metrics/prometheus.go:193.3,199.13 3 1
github.com/datakeys/kyc-service/internal/handler/health.go:11.58,13.2 1 1
github.com/datakeys/kyc-service/internal/handler/health.go:15.53,20.2 1 1
github.com/datakeys/kyc-service/internal/handler/health.go:22.54,27.2 1 1
github.com/datakeys/kyc-service/internal/handler/kyc.go:32.15,40.2 1 1
github.com/datakeys/kyc-service/internal/handler/kyc.go:42.50,44.44 2 1
github.com/datakeys/kyc-service/internal/handler/kyc.go:44.44,46.3 1 0
github.com/datakeys/kyc-service/internal/handler/kyc.go:48.2,48.47 1 1
github.com/datakeys/kyc-service/internal/handler/kyc.go:48.47,50.3 1 0
github.com/datakeys/kyc-service/internal/handler/kyc.go:52.2,53.16 2 1
github.com/datakeys/kyc-service/internal/handler/kyc.go:53.16,56.3 2 1
github.com/datakeys/kyc-service/internal/handler/kyc.go:58.2,58.66 1 0
github.com/datakeys/kyc-service/internal/handler/kyc.go:61.51,63.54 2 1
github.com/datakeys/kyc-service/internal/handler/kyc.go:63.54,65.3 1 0
github.com/datakeys/kyc-service/internal/handler/kyc.go:67.2,68.16 2 1
github.com/datakeys/kyc-service/internal/handler/kyc.go:68.16,69.49 1 0
github.com/datakeys/kyc-service/internal/handler/kyc.go:69.49,71.4 1 0
github.com/datakeys/kyc-service/internal/handler/kyc.go:72.3,73.84 2 0
github.com/datakeys/kyc-service/internal/handler/kyc.go:76.2,76.40 1 1
github.com/datakeys/kyc-service/internal/handler/kyc.go:79.55,92.30 4 1
github.com/datakeys/kyc-service/internal/handler/kyc.go:92.30,102.3 1 1
github.com/datakeys/kyc-service/internal/handler/kyc.go:104.2,104.38 1 1
github.com/datakeys/kyc-service/internal/handler/kyc.go:107.54,110.9 3 1
github.com/datakeys/kyc-service/internal/handler/kyc.go:110.9,112.3 1 1
github.com/datakeys/kyc-service/internal/handler/kyc.go:114.2,114.50 1 0
github.com/datakeys/kyc-service/internal/handler/kyc.go:117.56,119.65 2 1
github.com/datakeys/kyc-service/internal/handler/kyc.go:119.65,121.3 1 1
github.com/datakeys/kyc-service/internal/handler/kyc.go:123.2,124.26 2 1
github.com/datakeys/kyc-service/internal/handler/kyc.go:124.26,126.3 1 1
github.com/datakeys/kyc-service/internal/handler/kyc.go:128.2,128.21 1 1
github.com/datakeys/kyc-service/internal/handler/kyc.go:128.21,130.52 2 1
github.com/datakeys/kyc-service/internal/handler/kyc.go:130.52,135.4 1 0
github.com/datakeys/kyc-service/internal/handler/kyc.go:138.2,138.73 1 1
github.com/datakeys/kyc-service/internal/handler/kyc.go:141.55,143.63 2 1
github.com/datakeys/kyc-service/internal/handler/kyc.go:143.63,145.3 1 1
github.com/datakeys/kyc-service/internal/handler/kyc.go:147.2,148.26 2 1
github.com/datakeys/kyc-service/internal/handler/kyc.go:148.26,150.3 1 1
github.com/datakeys/kyc-service/internal/handler/kyc.go:152.2,152.21 1 1
github.com/datakeys/kyc-service/internal/handler/kyc.go:152.21,154.52 2 1
github.com/datakeys/kyc-service/internal/handler/kyc.go:154.52,159.4 1 0
github.com/datakeys/kyc-service/internal/handler/kyc.go:162.2,162.73 1 1
github.com/datakeys/kyc-service/internal/handler/kyc.go:165.81,166.41 1 1
github.com/datakeys/kyc-service/internal/handler/kyc.go:166.41,168.3 1 1
github.com/datakeys/kyc-service/internal/handler/kyc.go:169.2,172.56 4 1
github.com/datakeys/kyc-service/internal/handler/kyc.go:175.77,176.39 1 1
github.com/datakeys/kyc-service/internal/handler/kyc.go:176.39,178.3 1 1
github.com/datakeys/kyc-service/internal/handler/kyc.go:179.2,182.53 4 1
github.com/datakeys/kyc-service/internal/handler/kyc.go:185.48,187.55 2 1
github.com/datakeys/kyc-service/internal/handler/kyc.go:187.55,189.3 1 0
github.com/datakeys/kyc-service/internal/handler/kyc.go:191.2,191.59 1 1
github.com/datakeys/kyc-service/internal/handler/kyc.go:191.59,193.3 1 1
github.com/datakeys/kyc-service/internal/handler/kyc.go:194.2,194.66 1 1
github.com/datakeys/kyc-service/internal/handler/kyc.go:194.66,196.3 1 1
github.com/datakeys/kyc-service/internal/handler/kyc.go:197.2,197.62 1 1
github.com/datakeys/kyc-service/internal/handler/kyc.go:197.62,198.45 1 0
github.com/datakeys/kyc-service/internal/handler/kyc.go:198.45,200.4 1 0
github.com/datakeys/kyc-service/internal/handler/kyc.go:201.3,201.52 1 0
github.com/datakeys/kyc-service/internal/handler/kyc.go:201.52,203.4 1 0
github.com/datakeys/kyc-service/internal/handler/kyc.go:205.2,205.11 1 1
github.com/datakeys/kyc-service/internal/handler/response.go:12.52,19.2 1 1
github.com/datakeys/kyc-service/internal/handler/response.go:21.47,29.2 2 1
github.com/datakeys/kyc-service/internal/provider/local.go:16.40,18.2 1 1
github.com/datakeys/kyc-service/internal/provider/local.go:20.63,22.2 1 1
github.com/datakeys/kyc-service/internal/provider/local.go:24.39,26.2 1 1
github.com/datakeys/kyc-service/internal/provider/local.go:28.55,30.2 1 1
github.com/datakeys/kyc-service/internal/provider/local.go:32.117,35.15 2 1
github.com/datakeys/kyc-service/internal/provider/local.go:35.15,43.3 1 1
github.com/datakeys/kyc-service/internal/provider/local.go:45.2,45.102 1 1
github.com/datakeys/kyc-service/internal/provider/local.go:45.102,52.3 1 1
github.com/datakeys/kyc-service/internal/provider/local.go:54.2,60.8 1 1
github.com/datakeys/kyc-service/internal/provider/local.go:64.70,66.43 2 1
github.com/datakeys/kyc-service/internal/provider/local.go:66.43,67.16 1 1
github.com/datakeys/kyc-service/internal/provider/local.go:67.16,69.4 1 1
github.com/datakeys/kyc-service/internal/provider/local.go:71.2,71.14 1 1
github.com/datakeys/kyc-service/internal/provider/smileid.go:24.68,31.2 1 1
github.com/datakeys/kyc-service/internal/provider/smileid.go:33.41,35.2 1 1
github.com/datakeys/kyc-service/internal/provider/smileid.go:37.57,42.2 1 1
github.com/datakeys/kyc-service/internal/provider/smileid.go:44.44,45.25 1 1
github.com/datakeys/kyc-service/internal/provider/smileid.go:45.25,47.3 1 1
github.com/datakeys/kyc-service/internal/provider/smileid.go:48.2,48.19 1 0
github.com/datakeys/kyc-service/internal/provider/smileid.go:48.19,50.3 1 0
github.com/datakeys/kyc-service/internal/provider/smileid.go:51.2,51.44 1 0
github.com/datakeys/kyc-service/internal/provider/smileid.go:54.119,56.55 2 1
github.com/datakeys/kyc-service/internal/provider/smileid.go:56.55,58.3 1 1
github.com/datakeys/kyc-service/internal/provider/smileid.go:60.2,73.16 3 1
github.com/datakeys/kyc-service/internal/provider/smileid.go:73.16,75.3 1 0
github.com/datakeys/kyc-service/internal/provider/smileid.go:77.2,78.16 2 1
github.com/datakeys/kyc-service/internal/provider/smileid.go:78.16,80.3 1 0
github.com/datakeys/kyc-service/internal/provider/smileid.go:81.2,85.16 4 1
github.com/datakeys/kyc-service/internal/provider/smileid.go:85.16,87.3 1 1
github.com/datakeys/kyc-service/internal/provider/smileid.go:88.2,91.16 3 1
github.com/datakeys/kyc-service/internal/provider/smileid.go:91.16,93.3 1 0
github.com/datakeys/kyc-service/internal/provider/smileid.go:95.2,95.28 1 1
github.com/datakeys/kyc-service/internal/provider/smileid.go:95.28,97.3 1 1
github.com/datakeys/kyc-service/internal/provider/smileid.go:99.2,100.59 2 1
github.com/datakeys/kyc-service/internal/provider/smileid.go:100.59,102.3 1 0
github.com/datakeys/kyc-service/internal/provider/smileid.go:104.2,108.18 4 1
github.com/datakeys/kyc-service/internal/provider/smileid.go:108.18,111.3 2 1
github.com/datakeys/kyc-service/internal/provider/smileid.go:113.2,122.8 3 1
github.com/datakeys/kyc-service/internal/provider/smileid.go:131.67,132.20 1 1
github.com/datakeys/kyc-service/internal/provider/smileid.go:132.20,134.3 1 1
github.com/datakeys/kyc-service/internal/provider/smileid.go:136.2,137.32 2 1
github.com/datakeys/kyc-service/internal/provider/smileid.go:137.32,139.10 2 1
github.com/datakeys/kyc-service/internal/provider/smileid.go:139.10,140.12 1 1
github.com/datakeys/kyc-service/internal/provider/smileid.go:142.3,142.83 1 1
github.com/datakeys/kyc-service/internal/provider/smileid.go:142.83,143.32 1 1
github.com/datakeys/kyc-service/internal/provider/smileid.go:144.19,145.48 1 1
github.com/datakeys/kyc-service/internal/provider/smileid.go:146.21,147.52 1 1
github.com/datakeys/kyc-service/internal/provider/smileid.go:148.31,149.51 1 1
github.com/datakeys/kyc-service/internal/provider/smileid.go:150.12,151.51 1 1
github.com/datakeys/kyc-service/internal/provider/smileid.go:155.2,155.14 1 1
github.com/datakeys/kyc-service/internal/provider/smileid.go:158.40,159.34 1 1
github.com/datakeys/kyc-service/internal/provider/smileid.go:160.21,161.23 1 1
github.com/datakeys/kyc-service/internal/provider/smileid.go:162.18,163.20 1 1
github.com/datakeys/kyc-service/internal/provider/smileid.go:164.25,165.27 1 1
github.com/datakeys/kyc-service/internal/provider/smileid.go:166.20,167.20 1 1
github.com/datakeys/kyc-service/internal/provider/smileid.go:168.10,169.34 1 1
github.com/datakeys/kyc-service/internal/provider/smileid.go:173.37,175.52 2 1
github.com/datakeys/kyc-service/internal/provider/smileid.go:175.52,177.3 1 1
github.com/datakeys/kyc-service/internal/provider/smileid.go:178.2,179.18 2 1
github.com/datakeys/kyc-service/internal/provider/sumsub.go:27.65,28.23 1 1
github.com/datakeys/kyc-service/internal/provider/sumsub.go:28.23,30.3 1 1
github.com/datakeys/kyc-service/internal/provider/sumsub.go:31.2,36.3 1 1
github.com/datakeys/kyc-service/internal/provider/sumsub.go:39.40,41.2 1 1
github.com/datakeys/kyc-service/internal/provider/sumsub.go:43.56,45.2 1 1
github.com/datakeys/kyc-service/internal/provider/sumsub.go:47.118,49.16 2 1
github.com/datakeys/kyc-service/internal/provider/sumsub.go:49.16,51.3 1 1
github.com/datakeys/kyc-service/internal/provider/sumsub.go:53.2,53.26 1 1
github.com/datakeys/kyc-service/internal/provider/sumsub.go:53.26,54.65 1 1
github.com/datakeys/kyc-service/internal/provider/sumsub.go:54.65,56.4 1 0
github.com/datakeys/kyc-service/internal/provider/sumsub.go:59.2,59.58 1 1
github.com/datakeys/kyc-service/internal/provider/sumsub.go:59.58,61.3 1 0
github.com/datakeys/kyc-service/internal/provider/sumsub.go:63.2,64.16 2 1
github.com/datakeys/kyc-service/internal/provider/sumsub.go:64.16,66.3 1 0
github.com/datakeys/kyc-service/internal/provider/sumsub.go:68.2,71.20 4 1
github.com/datakeys/kyc-service/internal/provider/sumsub.go:74.109,86.16 5 1
github.com/datakeys/kyc-service/internal/provider/sumsub.go:86.16,88.3 1 1
github.com/datakeys/kyc-service/internal/provider/sumsub.go:90.2,93.56 2 1
github.com/datakeys/kyc-service/internal/provider/sumsub.go:93.56,95.3 1 0
github.com/datakeys/kyc-service/internal/provider/sumsub.go:96.2,96.19 1 1
github.com/datakeys/kyc-service/internal/provider/sumsub.go:96.19,98.3 1 0
github.com/datakeys/kyc-service/internal/provider/sumsub.go:99.2,99.21 1 1
github.com/datakeys/kyc-service/internal/provider/sumsub.go:102.118,115.16 7 1
github.com/datakeys/kyc-service/internal/provider/sumsub.go:115.16,117.3 1 0
github.com/datakeys/kyc-service/internal/provider/sumsub.go:118.2,118.12 1 1
github.com/datakeys/kyc-service/internal/provider/sumsub.go:121.87,124.16 3 1
github.com/datakeys/kyc-service/internal/provider/sumsub.go:124.16,126.3 1 0
github.com/datakeys/kyc-service/internal/provider/sumsub.go:127.2,127.12 1 1
github.com/datakeys/kyc-service/internal/provider/sumsub.go:130.124,133.44 2 1
github.com/datakeys/kyc-service/internal/provider/sumsub.go:133.44,135.17 2 1
github.com/datakeys/kyc-service/internal/provider/sumsub.go:135.17,137.4 1 0
github.com/datakeys/kyc-service/internal/provider/sumsub.go:139.3,149.59 4 1
github.com/datakeys/kyc-service/internal/provider/sumsub.go:149.59,151.20 2 1
github.com/datakeys/kyc-service/internal/provider/sumsub.go:151.20,153.5 1 1
github.com/datakeys/kyc-service/internal/provider/sumsub.go:156.3,156.10 1 1
github.com/datakeys/kyc-service/internal/provider/sumsub.go:157.21,158.29 1 0
github.com/datakeys/kyc-service/internal/provider/sumsub.go:159.38,159.38 0 1
github.com/datakeys/kyc-service/internal/provider/sumsub.go:163.2,163.66 1 0
github.com/datakeys/kyc-service/internal/provider/sumsub.go:166.62,167.33 1 1
github.com/datakeys/kyc-service/internal/provider/sumsub.go:168.15,173.4 1 1
github.com/datakeys/kyc-service/internal/provider/sumsub.go:174.13,179.4 1 1
github.com/datakeys/kyc-service/internal/provider/sumsub.go:180.10,185.4 1 1
github.com/datakeys/kyc-service/internal/provider/sumsub.go:189.46,190.34 1 1
github.com/datakeys/kyc-service/internal/provider/sumsub.go:191.21,192.19 1 1
github.com/datakeys/kyc-service/internal/provider/sumsub.go:193.18,194.20 1 1
github.com/datakeys/kyc-service/internal/provider/sumsub.go:195.25,196.19 1 1
github.com/datakeys/kyc-service/internal/provider/sumsub.go:197.26,198.28 1 1
github.com/datakeys/kyc-service/internal/provider/sumsub.go:199.10,200.34 1 1
github.com/datakeys/kyc-service/internal/provider/sumsub.go:204.107,209.17 4 1
github.com/datakeys/kyc-service/internal/provider/sumsub.go:209.17,211.3 1 1
github.com/datakeys/kyc-service/internal/provider/sumsub.go:213.2,215.16 3 1
github.com/datakeys/kyc-service/internal/provider/sumsub.go:215.16,217.3 1 0
github.com/datakeys/kyc-service/internal/provider/sumsub.go:219.2,222.17 4 1
github.com/datakeys/kyc-service/internal/provider/sumsub.go:222.17,224.3 1 1
github.com/datakeys/kyc-service/internal/provider/sumsub.go:226.2,227.16 2 1
github.com/datakeys/kyc-service/internal/provider/sumsub.go:227.16,229.3 1 1
github.com/datakeys/kyc-service/internal/provider/sumsub.go:230.2,233.16 3 1
github.com/datakeys/kyc-service/internal/provider/sumsub.go:233.16,235.3 1 0
github.com/datakeys/kyc-service/internal/provider/sumsub.go:237.2,237.28 1 1
github.com/datakeys/kyc-service/internal/provider/sumsub.go:237.28,239.3 1 1
github.com/datakeys/kyc-service/internal/provider/sumsub.go:241.2,241.22 1 1
github.com/datakeys/kyc-service/internal/provider/sumsub.go:244.76,246.17 2 1
github.com/datakeys/kyc-service/internal/provider/sumsub.go:246.17,248.3 1 1
github.com/datakeys/kyc-service/internal/provider/sumsub.go:249.2,251.41 3 1
github.com/datakeys/kyc-service/internal/provider/youverify.go:23.74,25.19 2 1
github.com/datakeys/kyc-service/internal/provider/youverify.go:25.19,26.18 1 1
github.com/datakeys/kyc-service/internal/provider/youverify.go:26.18,28.4 1 1
github.com/datakeys/kyc-service/internal/provider/youverify.go:28.9,30.4 1 1
github.com/datakeys/kyc-service/internal/provider/youverify.go:32.2,39.3 2 1
github.com/datakeys/kyc-service/internal/provider/youverify.go:42.43,44.2 1 1
github.com/datakeys/kyc-service/internal/provider/youverify.go:46.59,48.2 1 1
github.com/datakeys/kyc-service/internal/provider/youverify.go:50.121,52.20 2 1
github.com/datakeys/kyc-service/internal/provider/youverify.go:52.20,59.3 1 1
github.com/datakeys/kyc-service/internal/provider/youverify.go:61.2,62.16 2 1
github.com/datakeys/kyc-service/internal/provider/youverify.go:62.16,64.3 1 0
github.com/datakeys/kyc-service/internal/provider/youverify.go:66.2,68.16 3 1
github.com/datakeys/kyc-service/internal/provider/youverify.go:68.16,70.3 1 0
github.com/datakeys/kyc-service/internal/provider/youverify.go:71.2,75.16 4 1
github.com/datakeys/kyc-service/internal/provider/youverify.go:75.16,77.3 1 0
github.com/datakeys/kyc-service/internal/provider/youverify.go:78.2,81.16 3 1
github.com/datakeys/kyc-service/internal/provider/youverify.go:81.16,83.3 1 0
github.com/datakeys/kyc-service/internal/provider/youverify.go:85.2,85.28 1 1
github.com/datakeys/kyc-service/internal/provider/youverify.go:85.28,87.3 1 1
github.com/datakeys/kyc-service/internal/provider/youverify.go:89.2,90.59 2 1
github.com/datakeys/kyc-service/internal/provider/youverify.go:90.59,92.3 1 0
github.com/datakeys/kyc-service/internal/provider/youverify.go:94.2,97.58 3 1
github.com/datakeys/kyc-service/internal/provider/youverify.go:97.58,105.3 1 1
github.com/datakeys/kyc-service/internal/provider/youverify.go:107.2,113.8 1 1
github.com/datakeys/kyc-service/internal/provider/youverify.go:123.103,127.17 3 1
github.com/datakeys/kyc-service/internal/provider/youverify.go:128.12,129.18 1 1
github.com/datakeys/kyc-service/internal/provider/youverify.go:130.22,131.67 1 1
github.com/datakeys/kyc-service/internal/provider/youverify.go:132.14,133.67 1 1
github.com/datakeys/kyc-service/internal/provider/youverify.go:135.12,136.31 1 1
github.com/datakeys/kyc-service/internal/provider/youverify.go:136.31,138.4 1 1
github.com/datakeys/kyc-service/internal/provider/youverify.go:141.2,141.16 1 1
github.com/datakeys/kyc-service/internal/webhook/sender.go:18.34,22.2 1 1
github.com/datakeys/kyc-service/internal/webhook/sender.go:24.97,26.16 2 1
github.com/datakeys/kyc-service/internal/webhook/sender.go:26.16,28.3 1 0
github.com/datakeys/kyc-service/internal/webhook/sender.go:30.2,31.16 2 1
github.com/datakeys/kyc-service/internal/webhook/sender.go:31.16,33.3 1 0
github.com/datakeys/kyc-service/internal/webhook/sender.go:34.2,35.29 2 1
github.com/datakeys/kyc-service/internal/webhook/sender.go:35.29,37.3 1 1
github.com/datakeys/kyc-service/internal/webhook/sender.go:39.2,40.16 2 1
github.com/datakeys/kyc-service/internal/webhook/sender.go:40.16,42.3 1 1
github.com/datakeys/kyc-service/internal/webhook/sender.go:43.2,45.28 2 1
github.com/datakeys/kyc-service/internal/webhook/sender.go:45.28,47.3 1 1
github.com/datakeys/kyc-service/internal/webhook/sender.go:48.2,48.12 1 1
github.com/datakeys/kyc-service/internal/registry/adapter.go:9.21,11.2 1 1
github.com/datakeys/kyc-service/internal/registry/adapter.go:13.70,15.2 1 1
github.com/datakeys/kyc-service/internal/registry/adapter.go:17.68,19.2 1 1
github.com/datakeys/kyc-service/internal/registry/adapter.go:21.79,23.2 1 1
github.com/datakeys/kyc-service/internal/registry/adapter.go:25.58,27.2 1 1
github.com/datakeys/kyc-service/internal/service/kyc.go:36.15,46.2 1 1
github.com/datakeys/kyc-service/internal/service/kyc.go:48.119,49.54 1 1
github.com/datakeys/kyc-service/internal/service/kyc.go:49.54,51.3 1 1
github.com/datakeys/kyc-service/internal/service/kyc.go:53.2,54.54 2 1
github.com/datakeys/kyc-service/internal/service/kyc.go:54.54,56.3 1 1
github.com/datakeys/kyc-service/internal/service/kyc.go:58.2,58.58 1 1
github.com/datakeys/kyc-service/internal/service/kyc.go:58.58,60.3 1 1
github.com/datakeys/kyc-service/internal/service/kyc.go:62.2,62.99 1 1
github.com/datakeys/kyc-service/internal/service/kyc.go:62.99,64.3 1 1
github.com/datakeys/kyc-service/internal/service/kyc.go:66.2,68.75 3 1
github.com/datakeys/kyc-service/internal/service/kyc.go:68.75,70.3 1 0
github.com/datakeys/kyc-service/internal/service/kyc.go:72.2,73.16 2 1
github.com/datakeys/kyc-service/internal/service/kyc.go:73.16,75.3 1 0
github.com/datakeys/kyc-service/internal/service/kyc.go:76.2,76.12 1 1
github.com/datakeys/kyc-service/internal/service/kyc.go:76.12,78.3 1 1
github.com/datakeys/kyc-service/internal/service/kyc.go:80.2,84.16 4 1
github.com/datakeys/kyc-service/internal/service/kyc.go:84.16,86.3 1 1
github.com/datakeys/kyc-service/internal/service/kyc.go:88.2,103.69 3 1
github.com/datakeys/kyc-service/internal/service/kyc.go:103.69,105.3 1 1
github.com/datakeys/kyc-service/internal/service/kyc.go:107.2,122.8 2 1
github.com/datakeys/kyc-service/internal/service/kyc.go:125.80,129.16 3 1
github.com/datakeys/kyc-service/internal/service/kyc.go:129.16,131.3 1 0
github.com/datakeys/kyc-service/internal/service/kyc.go:133.2,133.48 1 1
github.com/datakeys/kyc-service/internal/service/kyc.go:133.48,135.3 1 1
github.com/datakeys/kyc-service/internal/service/kyc.go:137.2,138.16 2 1
github.com/datakeys/kyc-service/internal/service/kyc.go:138.16,140.3 1 0
github.com/datakeys/kyc-service/internal/service/kyc.go:142.2,142.135 1 1
github.com/datakeys/kyc-service/internal/service/kyc.go:142.135,144.3 1 0
github.com/datakeys/kyc-service/internal/service/kyc.go:146.2,147.9 2 1
github.com/datakeys/kyc-service/internal/service/kyc.go:147.9,149.3 1 0
github.com/datakeys/kyc-service/internal/service/kyc.go:151.2,161.16 3 1
github.com/datakeys/kyc-service/internal/service/kyc.go:161.16,163.3 1 1
github.com/datakeys/kyc-service/internal/service/kyc.go:165.2,168.111 3 1
github.com/datakeys/kyc-service/internal/service/kyc.go:168.111,170.3 1 0
github.com/datakeys/kyc-service/internal/service/kyc.go:172.2,172.36 1 1
github.com/datakeys/kyc-service/internal/service/kyc.go:172.36,173.71 1 1
github.com/datakeys/kyc-service/internal/service/kyc.go:173.71,178.4 1 0
github.com/datakeys/kyc-service/internal/service/kyc.go:181.2,181.36 1 1
github.com/datakeys/kyc-service/internal/service/kyc.go:181.36,184.3 2 1
github.com/datakeys/kyc-service/internal/service/kyc.go:186.2,186.35 1 1
github.com/datakeys/kyc-service/internal/service/kyc.go:186.35,196.3 1 0
github.com/datakeys/kyc-service/internal/service/kyc.go:198.2,198.12 1 1
github.com/datakeys/kyc-service/internal/service/kyc.go:201.111,203.2 1 1
github.com/datakeys/kyc-service/internal/service/kyc.go:205.64,207.41 2 1
github.com/datakeys/kyc-service/internal/service/kyc.go:207.41,209.3 1 1
github.com/datakeys/kyc-service/internal/service/kyc.go:211.2,212.37 2 1
github.com/datakeys/kyc-service/internal/service/kyc.go:212.37,214.3 1 1
github.com/datakeys/kyc-service/internal/service/kyc.go:216.2,217.37 2 1
github.com/datakeys/kyc-service/internal/service/kyc.go:217.37,218.17 1 1
github.com/datakeys/kyc-service/internal/service/kyc.go:218.17,219.12 1 0
github.com/datakeys/kyc-service/internal/service/kyc.go:221.3,222.37 2 1
github.com/datakeys/kyc-service/internal/service/kyc.go:222.37,224.4 1 1
github.com/datakeys/kyc-service/internal/service/kyc.go:227.2,227.16 1 0
github.com/datakeys/kyc-service/internal/service/kyc.go:230.70,235.16 4 1
github.com/datakeys/kyc-service/internal/service/kyc.go:235.16,241.3 2 1
github.com/datakeys/kyc-service/internal/service/kyc.go:243.2,248.66 2 1
github.com/datakeys/kyc-service/internal/service/kyc.go:248.66,253.3 1 1
github.com/datakeys/kyc-service/internal/service/kyc.go:256.76,257.36 1 1
github.com/datakeys/kyc-service/internal/service/kyc.go:257.36,259.3 1 1
github.com/datakeys/kyc-service/internal/service/kyc.go:260.2,260.17 1 1
github.com/datakeys/kyc-service/internal/service/kyc.go:260.17,262.3 1 1
github.com/datakeys/kyc-service/internal/service/kyc.go:263.2,263.33 1 1
github.com/datakeys/kyc-service/internal/service/kyc.go:266.55,269.50 3 1
github.com/datakeys/kyc-service/internal/service/kyc.go:269.50,270.25 1 1
github.com/datakeys/kyc-service/internal/service/kyc.go:270.25,271.12 1 1
github.com/datakeys/kyc-service/internal/service/kyc.go:273.3,274.29 2 1
[...]
github.com/datakeys/kyc-service/internal/repository/postgres.go:73.3,73.21 1 0
github.com/datakeys/kyc-service/internal/repository/postgres.go:74.8,76.3 1 0
github.com/datakeys/kyc-service/internal/repository/postgres.go:78.2,96.16 2 0
github.com/datakeys/kyc-service/internal/repository/postgres.go:96.16,98.3 1 0
github.com/datakeys/kyc-service/internal/repository/postgres.go:99.2,99.12 1 0
github.com/datakeys/kyc-service/internal/repository/postgres.go:102.113,112.2 2 0
github.com/datakeys/kyc-service/internal/repository/postgres.go:114.137,121.16 2 0
github.com/datakeys/kyc-service/internal/repository/postgres.go:121.16,123.3 1 0
github.com/datakeys/kyc-service/internal/repository/postgres.go:124.2,124.12 1 0
github.com/datakeys/kyc-service/internal/repository/postgres.go:127.125,128.16 1 0
github.com/datakeys/kyc-service/internal/repository/postgres.go:128.16,130.3 1 0
github.com/datakeys/kyc-service/internal/repository/postgres.go:132.2,141.16 2 0
github.com/datakeys/kyc-service/internal/repository/postgres.go:141.16,143.3 1 0
github.com/datakeys/kyc-service/internal/repository/postgres.go:144.2,147.18 3 0
github.com/datakeys/kyc-service/internal/repository/postgres.go:147.18,149.17 2 0
github.com/datakeys/kyc-service/internal/repository/postgres.go:149.17,151.4 1 0
github.com/datakeys/kyc-service/internal/repository/postgres.go:152.3,152.31 1 0
github.com/datakeys/kyc-service/internal/repository/postgres.go:154.2,154.35 1 0
github.com/datakeys/kyc-service/internal/repository/postgres.go:154.35,156.3 1 0
github.com/datakeys/kyc-service/internal/repository/postgres.go:157.2,157.21 1 0
github.com/datakeys/kyc-service/internal/repository/postgres.go:160.107,169.16 3 0
github.com/datakeys/kyc-service/internal/repository/postgres.go:169.16,171.3 1 0
github.com/datakeys/kyc-service/internal/repository/postgres.go:172.2,172.20 1 0
github.com/datakeys/kyc-service/internal/repository/postgres.go:179.73,198.16 5 0
github.com/datakeys/kyc-service/internal/repository/postgres.go:198.16,199.27 1 0
github.com/datakeys/kyc-service/internal/repository/postgres.go:199.27,201.4 1 0
github.com/datakeys/kyc-service/internal/repository/postgres.go:202.3,202.55 1 0
github.com/datakeys/kyc-service/internal/repository/postgres.go:205.2,205.24 1 0
github.com/datakeys/kyc-service/internal/repository/postgres.go:205.24,207.3 1 0
github.com/datakeys/kyc-service/internal/repository/postgres.go:208.2,209.16 2 0
github.com/datakeys/kyc-service/internal/middleware/idempotency.go:28.93,34.2 1 1
github.com/datakeys/kyc-service/internal/middleware/idempotency.go:38.58,39.33 1 1
github.com/datakeys/kyc-service/internal/middleware/idempotency.go:39.33,41.16 2 0
github.com/datakeys/kyc-service/internal/middleware/idempotency.go:41.16,48.4 1 0
github.com/datakeys/kyc-service/internal/middleware/idempotency.go:49.3,49.36 1 0
github.com/datakeys/kyc-service/internal/middleware/idempotency.go:49.36,55.4 1 0
github.com/datakeys/kyc-service/internal/middleware/idempotency.go:57.3,59.17 3 0
github.com/datakeys/kyc-service/internal/middleware/idempotency.go:59.17,61.44 2 0
github.com/datakeys/kyc-service/internal/middleware/idempotency.go:61.44,65.5 3 0
github.com/datakeys/kyc-service/internal/middleware/idempotency.go:67.3,67.37 1 0
github.com/datakeys/kyc-service/internal/middleware/idempotency.go:67.37,69.4 1 0
github.com/datakeys/kyc-service/internal/middleware/idempotency.go:71.3,74.34 3 0
github.com/datakeys/kyc-service/internal/middleware/idempotency.go:74.34,76.4 1 0
github.com/datakeys/kyc-service/internal/middleware/idempotency.go:78.3,78.55 1 0
github.com/datakeys/kyc-service/internal/middleware/idempotency.go:78.55,87.80 4 0
github.com/datakeys/kyc-service/internal/middleware/idempotency.go:87.80,89.5 1 0
github.com/datakeys/kyc-service/internal/middleware/idempotency.go:92.3,92.13 1 0
github.com/datakeys/kyc-service/internal/middleware/idempotency.go:98.59,99.33 1 1
github.com/datakeys/kyc-service/internal/middleware/idempotency.go:99.33,101.16 2 0
github.com/datakeys/kyc-service/internal/middleware/idempotency.go:101.16,103.4 1 0
github.com/datakeys/kyc-service/internal/middleware/idempotency.go:104.3,104.36 1 0
github.com/datakeys/kyc-service/internal/middleware/idempotency.go:104.36,110.4 1 0
github.com/datakeys/kyc-service/internal/middleware/idempotency.go:112.3,114.17 3 0
github.com/datakeys/kyc-service/internal/middleware/idempotency.go:114.17,116.44 2 0
github.com/datakeys/kyc-service/internal/middleware/idempotency.go:116.44,120.5 3 0
github.com/datakeys/kyc-service/internal/middleware/idempotency.go:122.3,122.37 1 0
github.com/datakeys/kyc-service/internal/middleware/idempotency.go:122.37,124.4 1 0
github.com/datakeys/kyc-service/internal/middleware/idempotency.go:126.3,129.34 3 0
github.com/datakeys/kyc-service/internal/middleware/idempotency.go:129.34,131.4 1 0
github.com/datakeys/kyc-service/internal/middleware/idempotency.go:133.3,133.55 1 0
github.com/datakeys/kyc-service/internal/middleware/idempotency.go:133.55,142.80 4 0
github.com/datakeys/kyc-service/internal/middleware/idempotency.go:142.80,144.5 1 0
github.com/datakeys/kyc-service/internal/middleware/idempotency.go:147.3,147.13 1 0
github.com/datakeys/kyc-service/internal/middleware/ratelimit.go:26.73,28.2 1 1
github.com/datakeys/kyc-service/internal/middleware/ratelimit.go:31.63,32.32 1 1
github.com/datakeys/kyc-service/internal/middleware/ratelimit.go:32.32,34.3 1 1
github.com/datakeys/kyc-service/internal/middleware/ratelimit.go:35.2,35.30 1 1
github.com/datakeys/kyc-service/internal/middleware/ratelimit.go:35.30,37.3 1 1
github.com/datakeys/kyc-service/internal/middleware/ratelimit.go:38.2,38.29 1 1
github.com/datakeys/kyc-service/internal/middleware/ratelimit.go:38.29,40.3 1 1
github.com/datakeys/kyc-service/internal/middleware/ratelimit.go:41.2,41.25 1 1
github.com/datakeys/kyc-service/internal/middleware/ratelimit.go:41.25,43.3 1 1
github.com/datakeys/kyc-service/internal/middleware/ratelimit.go:45.2,45.33 1 1
github.com/datakeys/kyc-service/internal/middleware/ratelimit.go:45.33,61.28 5 0
github.com/datakeys/kyc-service/internal/middleware/ratelimit.go:61.28,64.18 3 0
github.com/datakeys/kyc-service/internal/middleware/ratelimit.go:64.18,70.5 2 0
github.com/datakeys/kyc-service/internal/middleware/ratelimit.go:71.4,71.16 1 0
github.com/datakeys/kyc-service/internal/middleware/ratelimit.go:71.16,73.5 1 0
github.com/datakeys/kyc-service/internal/middleware/ratelimit.go:74.4,74.28 1 0
github.com/datakeys/kyc-service/internal/middleware/ratelimit.go:74.28,77.23 3 0
github.com/datakeys/kyc-service/internal/middleware/ratelimit.go:77.23,79.6 1 0
github.com/datakeys/kyc-service/internal/middleware/ratelimit.go:80.5,87.7 2 0
github.com/datakeys/kyc-service/internal/middleware/ratelimit.go:91.3,94.18 4 0
github.com/datakeys/kyc-service/internal/middleware/ratelimit.go:99.47,106.2 1 1
github.com/datakeys/kyc-service/internal/middleware/ratelimit.go:109.47,116.2 1 1
github.com/datakeys/kyc-service/internal/middleware/ratelimit.go:119.48,126.2 1 1
github.com/datakeys/kyc-service/internal/middleware/ratelimit.go:129.48,136.2 1 1
github.com/datakeys/kyc-service/internal/middleware/ratelimit.go:138.33,141.2 2 0
github.com/datakeys/kyc-service/internal/webhook/sender.go:18.34,22.2 1 1
github.com/datakeys/kyc-service/internal/webhook/sender.go:24.97,26.16 2 1
github.com/datakeys/kyc-service/internal/webhook/sender.go:26.16,28.3 1 0
github.com/datakeys/kyc-service/internal/webhook/sender.go:30.2,31.16 2 1
github.com/datakeys/kyc-service/internal/webhook/sender.go:31.16,33.3 1 0
github.com/datakeys/kyc-service/internal/webhook/sender.go:34.2,35.29 2 1
github.com/datakeys/kyc-service/internal/webhook/sender.go:35.29,37.3 1 1
github.com/datakeys/kyc-service/internal/webhook/sender.go:39.2,40.16 2 1
github.com/datakeys/kyc-service/internal/webhook/sender.go:40.16,42.3 1 1
github.com/datakeys/kyc-service/internal/webhook/sender.go:43.2,45.28 2 1
github.com/datakeys/kyc-service/internal/webhook/sender.go:45.28,47.3 1 1
github.com/datakeys/kyc-service/internal/webhook/sender.go:48.2,48.12 1 1
github.com/datakeys/kyc-service/internal/provider/local.go:16.40,18.2 1 1
github.com/datakeys/kyc-service/internal/provider/local.go:20.63,22.2 1 1
github.com/datakeys/kyc-service/internal/provider/local.go:24.39,26.2 1 1
github.com/datakeys/kyc-service/internal/provider/local.go:28.55,30.2 1 1
github.com/datakeys/kyc-service/internal/provider/local.go:32.117,35.15 2 1
github.com/datakeys/kyc-service/internal/provider/local.go:35.15,43.3 1 1
github.com/datakeys/kyc-service/internal/provider/local.go:45.2,45.102 1 1
github.com/datakeys/kyc-service/internal/provider/local.go:45.102,52.3 1 1
github.com/datakeys/kyc-service/internal/provider/local.go:54.2,60.8 1 1
github.com/datakeys/kyc-service/internal/provider/local.go:64.70,66.43 2 1
github.com/datakeys/kyc-service/internal/provider/local.go:66.43,67.16 1 1
github.com/datakeys/kyc-service/internal/provider/local.go:67.16,69.4 1 1
github.com/datakeys/kyc-service/internal/provider/local.go:71.2,71.14 1 1
github.com/datakeys/kyc-service/internal/provider/smileid.go:24.68,31.2 1 1
github.com/datakeys/kyc-service/internal/provider/smileid.go:33.41,35.2 1 1
github.com/datakeys/kyc-service/internal/provider/smileid.go:37.57,42.2 1 1
github.com/datakeys/kyc-service/internal/provider/smileid.go:44.44,45.25 1 1
github.com/datakeys/kyc-service/internal/provider/smileid.go:45.25,47.3 1 1
github.com/datakeys/kyc-service/internal/provider/smileid.go:48.2,48.19 1 0
github.com/datakeys/kyc-service/internal/provider/smileid.go:48.19,50.3 1 0
github.com/datakeys/kyc-service/internal/provider/smileid.go:51.2,51.44 1 0
github.com/datakeys/kyc-service/internal/provider/smileid.go:54.119,56.55 2 1
github.com/datakeys/kyc-service/internal/provider/smileid.go:56.55,58.3 1 1
github.com/datakeys/kyc-service/internal/provider/smileid.go:60.2,73.16 3 1
github.com/datakeys/kyc-service/internal/provider/smileid.go:73.16,75.3 1 0
github.com/datakeys/kyc-service/internal/provider/smileid.go:77.2,78.16 2 1
github.com/datakeys/kyc-service/internal/provider/smileid.go:78.16,80.3 1 0
github.com/datakeys/kyc-service/internal/provider/smileid.go:81.2,85.16 4 1
github.com/datakeys/kyc-service/internal/provider/smileid.go:85.16,87.3 1 1
github.com/datakeys/kyc-service/internal/provider/smileid.go:88.2,91.16 3 1
github.com/datakeys/kyc-service/internal/provider/smileid.go:91.16,93.3 1 0
github.com/datakeys/kyc-service/internal/provider/smileid.go:95.2,95.28 1 1
github.com/datakeys/kyc-service/internal/provider/smileid.go:95.28,97.3 1 1
github.com/datakeys/kyc-service/internal/provider/smileid.go:99.2,100.59 2 1
github.com/datakeys/kyc-service/internal/provider/smileid.go:100.59,102.3 1 0
github.com/datakeys/kyc-service/internal/provider/smileid.go:104.2,108.18 4 1
github.com/datakeys/kyc-service/internal/provider/smileid.go:108.18,111.3 2 1
github.com/datakeys/kyc-service/internal/provider/smileid.go:113.2,122.8 3 1
github.com/datakeys/kyc-service/internal/provider/smileid.go:131.67,132.20 1 1
github.com/datakeys/kyc-service/internal/provider/smileid.go:132.20,134.3 1 1
github.com/datakeys/kyc-service/internal/provider/smileid.go:136.2,137.32 2 1
github.com/datakeys/kyc-service/internal/provider/smileid.go:137.32,139.10 2 1
github.com/datakeys/kyc-service/internal/provider/smileid.go:139.10,140.12 1 1
github.com/datakeys/kyc-service/internal/provider/smileid.go:142.3,142.83 1 1
github.com/datakeys/kyc-service/internal/provider/smileid.go:142.83,143.32 1 1
github.com/datakeys/kyc-service/internal/provider/smileid.go:144.19,145.48 1 1
github.com/datakeys/kyc-service/internal/provider/smileid.go:146.21,147.52 1 1
github.com/datakeys/kyc-service/internal/provider/smileid.go:148.31,149.51 1 1
github.com/datakeys/kyc-service/internal/provider/smileid.go:150.12,151.51 1 1
github.com/datakeys/kyc-service/internal/provider/smileid.go:155.2,155.14 1 1
github.com/datakeys/kyc-service/internal/provider/smileid.go:158.40,159.34 1 1
github.com/datakeys/kyc-service/internal/provider/smileid.go:160.21,161.23 1 1
github.com/datakeys/kyc-service/internal/provider/smileid.go:162.18,163.20 1 1
github.com/datakeys/kyc-service/internal/provider/smileid.go:164.25,165.27 1 1
github.com/datakeys/kyc-service/internal/provider/smileid.go:166.20,167.20 1 1
github.com/datakeys/kyc-service/internal/provider/smileid.go:168.10,169.34 1 1
github.com/datakeys/kyc-service/internal/provider/smileid.go:173.37,175.52 2 1
github.com/datakeys/kyc-service/internal/provider/smileid.go:175.52,177.3 1 1
github.com/datakeys/kyc-service/internal/provider/smileid.go:178.2,179.18 2 1
github.com/datakeys/kyc-service/internal/provider/sumsub.go:27.65,28.23 1 1
github.com/datakeys/kyc-service/internal/provider/sumsub.go:28.23,30.3 1 1
github.com/datakeys/kyc-service/internal/provider/sumsub.go:31.2,36.3 1 1
github.com/datakeys/kyc-service/internal/provider/sumsub.go:39.40,41.2 1 1
github.com/datakeys/kyc-service/internal/provider/sumsub.go:43.56,45.2 1 1
github.com/datakeys/kyc-service/internal/provider/sumsub.go:47.118,49.16 2 1
github.com/datakeys/kyc-service/internal/provider/sumsub.go:49.16,51.3 1 1
github.com/datakeys/kyc-service/internal/provider/sumsub.go:53.2,53.26 1 1
github.com/datakeys/kyc-service/internal/provider/sumsub.go:53.26,54.65 1 1
github.com/datakeys/kyc-service/internal/provider/sumsub.go:54.65,56.4 1 0
github.com/datakeys/kyc-service/internal/provider/sumsub.go:59.2,59.58 1 1
github.com/datakeys/kyc-service/internal/provider/sumsub.go:59.58,61.3 1 0
github.com/datakeys/kyc-service/internal/provider/sumsub.go:63.2,64.16 2 1
github.com/datakeys/kyc-service/internal/provider/sumsub.go:64.16,66.3 1 0
github.com/datakeys/kyc-service/internal/provider/sumsub.go:68.2,71.20 4 1
github.com/datakeys/kyc-service/internal/provider/sumsub.go:74.109,86.16 5 1
github.com/datakeys/kyc-service/internal/provider/sumsub.go:86.16,88.3 1 1
github.com/datakeys/kyc-service/internal/provider/sumsub.go:90.2,93.56 2 1
github.com/datakeys/kyc-service/internal/provider/sumsub.go:93.56,95.3 1 0
github.com/datakeys/kyc-service/internal/provider/sumsub.go:96.2,96.19 1 1
github.com/datakeys/kyc-service/internal/provider/sumsub.go:96.19,98.3 1 0
github.com/datakeys/kyc-service/internal/provider/sumsub.go:99.2,99.21 1 1
github.com/datakeys/kyc-service/internal/provider/sumsub.go:102.118,115.16 7 1
github.com/datakeys/kyc-service/internal/provider/sumsub.go:115.16,117.3 1 0
github.com/datakeys/kyc-service/internal/provider/sumsub.go:118.2,118.12 1 1
github.com/datakeys/kyc-service/internal/provider/sumsub.go:121.87,124.16 3 1
github.com/datakeys/kyc-service/internal/provider/sumsub.go:124.16,126.3 1 0
github.com/datakeys/kyc-service/internal/provider/sumsub.go:127.2,127.12 1 1
github.com/datakeys/kyc-service/internal/provider/sumsub.go:130.124,133.44 2 1
github.com/datakeys/kyc-service/internal/provider/sumsub.go:133.44,135.17 2 1
github.com/datakeys/kyc-service/internal/provider/sumsub.go:135.17,137.4 1 0
github.com/datakeys/kyc-service/internal/provider/sumsub.go:139.3,149.59 4 1
github.com/datakeys/kyc-service/internal/provider/sumsub.go:149.59,151.20 2 1
github.com/datakeys/kyc-service/internal/provider/sumsub.go:151.20,153.5 1 1
github.com/datakeys/kyc-service/internal/provider/sumsub.go:156.3,156.10 1 1
github.com/datakeys/kyc-service/internal/provider/sumsub.go:157.21,158.29 1 0
github.com/datakeys/kyc-service/internal/provider/sumsub.go:159.38,159.38 0 1
github.com/datakeys/kyc-service/internal/provider/sumsub.go:163.2,163.66 1 0
github.com/datakeys/kyc-service/internal/provider/sumsub.go:166.62,167.33 1 1
github.com/datakeys/kyc-service/internal/provider/sumsub.go:168.15,173.4 1 1
github.com/datakeys/kyc-service/internal/provider/sumsub.go:174.13,179.4 1 1
github.com/datakeys/kyc-service/internal/provider/sumsub.go:180.10,185.4 1 1
github.com/datakeys/kyc-service/internal/provider/sumsub.go:189.46,190.34 1 1
github.com/datakeys/kyc-service/internal/provider/sumsub.go:191.21,192.19 1 1
github.com/datakeys/kyc-service/internal/provider/sumsub.go:193.18,194.20 1 1
github.com/datakeys/kyc-service/internal/provider/sumsub.go:195.25,196.19 1 1
github.com/datakeys/kyc-service/internal/provider/sumsub.go:197.26,198.28 1 1
github.com/datakeys/kyc-service/internal/provider/sumsub.go:199.10,200.34 1 1
github.com/datakeys/kyc-service/internal/provider/sumsub.go:204.107,209.17 4 1
github.com/datakeys/kyc-service/internal/provider/sumsub.go:209.17,211.3 1 1
github.com/datakeys/kyc-service/internal/provider/sumsub.go:213.2,215.16 3 1
github.com/datakeys/kyc-service/internal/provider/sumsub.go:215.16,217.3 1 0
github.com/datakeys/kyc-service/internal/provider/sumsub.go:219.2,222.17 4 1
github.com/datakeys/kyc-service/internal/provider/sumsub.go:222.17,224.3 1 1
github.com/datakeys/kyc-service/internal/provider/sumsub.go:226.2,227.16 2 1
github.com/datakeys/kyc-service/internal/provider/sumsub.go:227.16,229.3 1 1
github.com/datakeys/kyc-service/internal/provider/sumsub.go:230.2,233.16 3 1
github.com/datakeys/kyc-service/internal/provider/sumsub.go:233.16,235.3 1 0
github.com/datakeys/kyc-service/internal/provider/sumsub.go:237.2,237.28 1 1
github.com/datakeys/kyc-service/internal/provider/sumsub.go:237.28,239.3 1 1
github.com/datakeys/kyc-service/internal/provider/sumsub.go:241.2,241.22 1 1
github.com/datakeys/kyc-service/internal/provider/sumsub.go:244.76,246.17 2 1
github.com/datakeys/kyc-service/internal/provider/sumsub.go:246.17,248.3 1 1
github.com/datakeys/kyc-service/internal/provider/sumsub.go:249.2,251.41 3 1
github.com/datakeys/kyc-service/internal/provider/youverify.go:23.74,25.19 2 1
github.com/datakeys/kyc-service/internal/provider/youverify.go:25.19,26.18 1 1
github.com/datakeys/kyc-service/internal/provider/youverify.go:26.18,28.4 1 1
github.com/datakeys/kyc-service/internal/provider/youverify.go:28.9,30.4 1 1
github.com/datakeys/kyc-service/internal/provider/youverify.go:32.2,39.3 2 1
github.com/datakeys/kyc-service/internal/provider/youverify.go:42.43,44.2 1 1
github.com/datakeys/kyc-service/internal/provider/youverify.go:46.59,48.2 1 1
github.com/datakeys/kyc-service/internal/provider/youverify.go:50.121,52.20 2 1
github.com/datakeys/kyc-service/internal/provider/youverify.go:52.20,59.3 1 1
github.com/datakeys/kyc-service/internal/provider/youverify.go:61.2,62.16 2 1
github.com/datakeys/kyc-service/internal/provider/youverify.go:62.16,64.3 1 0
github.com/datakeys/kyc-service/internal/provider/youverify.go:66.2,68.16 3 1
github.com/datakeys/kyc-service/internal/provider/youverify.go:68.16,70.3 1 0
github.com/datakeys/kyc-service/internal/provider/youverify.go:71.2,75.16 4 1
github.com/datakeys/kyc-service/internal/provider/youverify.go:75.16,77.3 1 0
github.com/datakeys/kyc-service/internal/provider/youverify.go:78.2,81.16 3 1
github.com/datakeys/kyc-service/internal/provider/youverify.go:81.16,83.3 1 0
github.com/datakeys/kyc-service/internal/provider/youverify.go:85.2,85.28 1 1
github.com/datakeys/kyc-service/internal/provider/youverify.go:85.28,87.3 1 1
github.com/datakeys/kyc-service/internal/provider/youverify.go:89.2,90.59 2 1
github.com/datakeys/kyc-service/internal/provider/youverify.go:90.59,92.3 1 0
github.com/datakeys/kyc-service/internal/provider/youverify.go:94.2,97.58 3 1
github.com/datakeys/kyc-service/internal/provider/youverify.go:97.58,105.3 1 1
github.com/datakeys/kyc-service/internal/provider/youverify.go:107.2,113.8 1 1
github.com/datakeys/kyc-service/internal/provider/youverify.go:123.103,127.17 3 1
github.com/datakeys/kyc-service/internal/provider/youverify.go:128.12,129.18 1 1
github.com/datakeys/kyc-service/internal/provider/youverify.go:130.22,131.67 1 1
github.com/datakeys/kyc-service/internal/provider/youverify.go:132.14,133.67 1 1
github.com/datakeys/kyc-service/internal/provider/youverify.go:135.12,136.31 1 1
github.com/datakeys/kyc-service/internal/provider/youverify.go:136.31,138.4 1 1
github.com/datakeys/kyc-service/internal/provider/youverify.go:141.2,141.16 1 1
